[2023-07-09T08:06:05.858+0000] {taskinstance.py:1103} INFO - Dependencies all met for dep_context=non-requeueable deps ti=<TaskInstance: etl_dag.transform_data manual__2023-07-09T08:06:00.136533+00:00 [queued]>
[2023-07-09T08:06:05.870+0000] {taskinstance.py:1103} INFO - Dependencies all met for dep_context=requeueable deps ti=<TaskInstance: etl_dag.transform_data manual__2023-07-09T08:06:00.136533+00:00 [queued]>
[2023-07-09T08:06:05.871+0000] {taskinstance.py:1308} INFO - Starting attempt 1 of 1
[2023-07-09T08:06:05.888+0000] {taskinstance.py:1327} INFO - Executing <Task(PythonOperator): transform_data> on 2023-07-09 08:06:00.136533+00:00
[2023-07-09T08:06:05.894+0000] {standard_task_runner.py:57} INFO - Started process 1938 to run task
[2023-07-09T08:06:05.897+0000] {standard_task_runner.py:84} INFO - Running: ['***', 'tasks', 'run', 'etl_dag', 'transform_data', 'manual__2023-07-09T08:06:00.136533+00:00', '--job-id', '72', '--raw', '--subdir', 'DAGS_FOLDER/test.py', '--cfg-path', '/tmp/tmpiegyz2nb']
[2023-07-09T08:06:05.897+0000] {standard_task_runner.py:85} INFO - Job 72: Subtask transform_data
[2023-07-09T08:06:05.942+0000] {task_command.py:410} INFO - Running <TaskInstance: etl_dag.transform_data manual__2023-07-09T08:06:00.136533+00:00 [running]> on host 5865fe7b5e5b
[2023-07-09T08:06:06.126+0000] {taskinstance.py:1547} INFO - Exporting env vars: AIRFLOW_CTX_DAG_OWNER='***' AIRFLOW_CTX_DAG_ID='etl_dag' AIRFLOW_CTX_TASK_ID='transform_data' AIRFLOW_CTX_EXECUTION_DATE='2023-07-09T08:06:00.136533+00:00' AIRFLOW_CTX_TRY_NUMBER='1' AIRFLOW_CTX_DAG_RUN_ID='manual__2023-07-09T08:06:00.136533+00:00'
[2023-07-09T08:06:06.153+0000] {warnings.py:110} WARNING - /opt/***/dags/test.py:49: FutureWarning: Dropping of nuisance columns in DataFrame reductions (with 'numeric_only=None') is deprecated; in a future version this will raise TypeError.  Select only valid columns before calling the reduction.
  df.fillna(df.mean(), inplace=True)

[2023-07-09T08:06:06.160+0000] {warnings.py:110} WARNING - /opt/***/dags/test.py:52: FutureWarning: Dropping of nuisance columns in DataFrame reductions (with 'numeric_only=None') is deprecated; in a future version this will raise TypeError.  Select only valid columns before calling the reduction.
  df.fillna(df.median(), inplace=True)

[2023-07-09T08:06:06.163+0000] {python.py:183} INFO - Done. Returned value was:    LocationAbbr          LocationDesc  ...    Latitude  Longitude
0            AR              Arkansas  ...  -92.274491  34.748650
1            CO              Colorado  ... -106.133611  38.843841
2            DC  District of Columbia  ...  -77.036871  38.907192
3            GA               Georgia  ...  -83.627580  32.839681
4            MI              Michigan  ...  -84.714390  44.661320
6            OR                Oregon  ... -120.155031  44.567449
9            WI             Wisconsin  ...  -89.816371  44.393191
10           WI             Wisconsin  ...  -89.816371  44.393191
11           AL               Alabama  ...  -86.631861  32.840571
12           ID                 Idaho  ... -114.363730  43.682630
13           ID                 Idaho  ... -114.363730  43.682630
14           IL              Illinois  ...  -88.997710  40.485010
15           KS                Kansas  ...  -98.200781  38.347740
16           KS                Kansas  ...  -98.200781  38.347740
17           KS                Kansas  ...  -98.200781  38.347740
18           LA             Louisiana  ...  -92.445680  31.312661

[16 rows x 34 columns]
[2023-07-09T08:06:06.237+0000] {taskinstance.py:1350} INFO - Marking task as SUCCESS. dag_id=etl_dag, task_id=transform_data, execution_date=20230709T080600, start_date=20230709T080605, end_date=20230709T080606
[2023-07-09T08:06:06.270+0000] {local_task_job_runner.py:225} INFO - Task exited with return code 0
[2023-07-09T08:06:06.305+0000] {taskinstance.py:2653} INFO - 1 downstream tasks scheduled from follow-on schedule check
