[2023-07-09T06:53:46.278+0000] {taskinstance.py:1103} INFO - Dependencies all met for dep_context=non-requeueable deps ti=<TaskInstance: etl_dag.transform_data manual__2023-07-09T06:53:41.625443+00:00 [queued]>
[2023-07-09T06:53:46.291+0000] {taskinstance.py:1103} INFO - Dependencies all met for dep_context=requeueable deps ti=<TaskInstance: etl_dag.transform_data manual__2023-07-09T06:53:41.625443+00:00 [queued]>
[2023-07-09T06:53:46.292+0000] {taskinstance.py:1308} INFO - Starting attempt 1 of 1
[2023-07-09T06:53:46.312+0000] {taskinstance.py:1327} INFO - Executing <Task(PythonOperator): transform_data> on 2023-07-09 06:53:41.625443+00:00
[2023-07-09T06:53:46.319+0000] {standard_task_runner.py:57} INFO - Started process 516 to run task
[2023-07-09T06:53:46.323+0000] {standard_task_runner.py:84} INFO - Running: ['***', 'tasks', 'run', 'etl_dag', 'transform_data', 'manual__2023-07-09T06:53:41.625443+00:00', '--job-id', '45', '--raw', '--subdir', 'DAGS_FOLDER/test.py', '--cfg-path', '/tmp/tmp6c7bgxvj']
[2023-07-09T06:53:46.324+0000] {standard_task_runner.py:85} INFO - Job 45: Subtask transform_data
[2023-07-09T06:53:46.373+0000] {task_command.py:410} INFO - Running <TaskInstance: etl_dag.transform_data manual__2023-07-09T06:53:41.625443+00:00 [running]> on host 5865fe7b5e5b
[2023-07-09T06:53:46.561+0000] {taskinstance.py:1547} INFO - Exporting env vars: AIRFLOW_CTX_DAG_OWNER='***' AIRFLOW_CTX_DAG_ID='etl_dag' AIRFLOW_CTX_TASK_ID='transform_data' AIRFLOW_CTX_EXECUTION_DATE='2023-07-09T06:53:41.625443+00:00' AIRFLOW_CTX_TRY_NUMBER='1' AIRFLOW_CTX_DAG_RUN_ID='manual__2023-07-09T06:53:41.625443+00:00'
[2023-07-09T06:53:46.564+0000] {python.py:183} INFO - Done. Returned value was:    LocationAbbr  ... StratificationID3
0            AR  ...                  
1            CO  ...                  
2            DC  ...                  
3            GA  ...                  
4            MI  ...                  
5            MT  ...                  
6            OR  ...                  
7            PR  ...                  
8            PR  ...                  
9            WI  ...                  
10           WI  ...                  
11           AL  ...                  
12           ID  ...                  
13           ID  ...                  
14           IL  ...                  
15           KS  ...                  
16           KS  ...                  
17           KS  ...                  
18           LA  ...                  

[19 rows x 31 columns]
[2023-07-09T06:53:46.643+0000] {taskinstance.py:1350} INFO - Marking task as SUCCESS. dag_id=etl_dag, task_id=transform_data, execution_date=20230709T065341, start_date=20230709T065346, end_date=20230709T065346
[2023-07-09T06:53:46.695+0000] {local_task_job_runner.py:225} INFO - Task exited with return code 0
[2023-07-09T06:53:46.729+0000] {taskinstance.py:2653} INFO - 1 downstream tasks scheduled from follow-on schedule check
