[2023-07-09T05:15:15.354+0000] {taskinstance.py:1103} INFO - Dependencies all met for dep_context=non-requeueable deps ti=<TaskInstance: tutorial.templated manual__2023-07-09T05:15:07.838200+00:00 [queued]>
[2023-07-09T05:15:15.603+0000] {taskinstance.py:1103} INFO - Dependencies all met for dep_context=requeueable deps ti=<TaskInstance: tutorial.templated manual__2023-07-09T05:15:07.838200+00:00 [queued]>
[2023-07-09T05:15:15.604+0000] {taskinstance.py:1308} INFO - Starting attempt 1 of 2
[2023-07-09T05:15:15.668+0000] {taskinstance.py:1327} INFO - Executing <Task(BashOperator): templated> on 2023-07-09 05:15:07.838200+00:00
[2023-07-09T05:15:15.677+0000] {standard_task_runner.py:57} INFO - Started process 222 to run task
[2023-07-09T05:15:15.694+0000] {standard_task_runner.py:84} INFO - Running: ['***', 'tasks', 'run', 'tutorial', 'templated', 'manual__2023-07-09T05:15:07.838200+00:00', '--job-id', '8', '--raw', '--subdir', '/home/***/.local/lib/python3.7/site-packages/***/example_dags/tutorial.py', '--cfg-path', '/tmp/tmpur8rjhh9']
[2023-07-09T05:15:15.703+0000] {standard_task_runner.py:85} INFO - Job 8: Subtask templated
[2023-07-09T05:15:16.038+0000] {task_command.py:410} INFO - Running <TaskInstance: tutorial.templated manual__2023-07-09T05:15:07.838200+00:00 [running]> on host 5865fe7b5e5b
[2023-07-09T05:15:16.464+0000] {taskinstance.py:1547} INFO - Exporting env vars: AIRFLOW_CTX_DAG_EMAIL='***@example.com' AIRFLOW_CTX_DAG_OWNER='***' AIRFLOW_CTX_DAG_ID='tutorial' AIRFLOW_CTX_TASK_ID='templated' AIRFLOW_CTX_EXECUTION_DATE='2023-07-09T05:15:07.838200+00:00' AIRFLOW_CTX_TRY_NUMBER='1' AIRFLOW_CTX_DAG_RUN_ID='manual__2023-07-09T05:15:07.838200+00:00'
[2023-07-09T05:15:16.469+0000] {subprocess.py:63} INFO - Tmp dir root location: /tmp
[2023-07-09T05:15:16.471+0000] {subprocess.py:75} INFO - Running command: ['/bin/bash', '-c', '\n\n    echo "2023-07-09"\n    echo "2023-07-16"\n\n    echo "2023-07-09"\n    echo "2023-07-16"\n\n    echo "2023-07-09"\n    echo "2023-07-16"\n\n    echo "2023-07-09"\n    echo "2023-07-16"\n\n    echo "2023-07-09"\n    echo "2023-07-16"\n']
[2023-07-09T05:15:16.537+0000] {subprocess.py:86} INFO - Output:
[2023-07-09T05:15:16.541+0000] {subprocess.py:93} INFO - 2023-07-09
[2023-07-09T05:15:16.542+0000] {subprocess.py:93} INFO - 2023-07-16
[2023-07-09T05:15:16.551+0000] {subprocess.py:93} INFO - 2023-07-09
[2023-07-09T05:15:16.553+0000] {subprocess.py:93} INFO - 2023-07-16
[2023-07-09T05:15:16.554+0000] {subprocess.py:93} INFO - 2023-07-09
[2023-07-09T05:15:16.555+0000] {subprocess.py:93} INFO - 2023-07-16
[2023-07-09T05:15:16.558+0000] {subprocess.py:93} INFO - 2023-07-09
[2023-07-09T05:15:16.559+0000] {subprocess.py:93} INFO - 2023-07-16
[2023-07-09T05:15:16.561+0000] {subprocess.py:93} INFO - 2023-07-09
[2023-07-09T05:15:16.562+0000] {subprocess.py:93} INFO - 2023-07-16
[2023-07-09T05:15:16.570+0000] {subprocess.py:97} INFO - Command exited with return code 0
[2023-07-09T05:15:16.702+0000] {taskinstance.py:1350} INFO - Marking task as SUCCESS. dag_id=tutorial, task_id=templated, execution_date=20230709T051507, start_date=20230709T051515, end_date=20230709T051516
[2023-07-09T05:15:16.782+0000] {local_task_job_runner.py:225} INFO - Task exited with return code 0
[2023-07-09T05:15:16.842+0000] {taskinstance.py:2653} INFO - 0 downstream tasks scheduled from follow-on schedule check
