[2023-07-09T06:12:50.540+0000] {taskinstance.py:1103} INFO - Dependencies all met for dep_context=non-requeueable deps ti=<TaskInstance: etl_dag.transform_data manual__2023-07-09T06:12:46.159277+00:00 [queued]>
[2023-07-09T06:12:50.555+0000] {taskinstance.py:1103} INFO - Dependencies all met for dep_context=requeueable deps ti=<TaskInstance: etl_dag.transform_data manual__2023-07-09T06:12:46.159277+00:00 [queued]>
[2023-07-09T06:12:50.556+0000] {taskinstance.py:1308} INFO - Starting attempt 1 of 1
[2023-07-09T06:12:50.580+0000] {taskinstance.py:1327} INFO - Executing <Task(PythonOperator): transform_data> on 2023-07-09 06:12:46.159277+00:00
[2023-07-09T06:12:50.589+0000] {standard_task_runner.py:57} INFO - Started process 1253 to run task
[2023-07-09T06:12:50.594+0000] {standard_task_runner.py:84} INFO - Running: ['***', 'tasks', 'run', 'etl_dag', 'transform_data', 'manual__2023-07-09T06:12:46.159277+00:00', '--job-id', '23', '--raw', '--subdir', 'DAGS_FOLDER/test.py', '--cfg-path', '/tmp/tmpqcx5urf6']
[2023-07-09T06:12:50.596+0000] {standard_task_runner.py:85} INFO - Job 23: Subtask transform_data
[2023-07-09T06:12:50.654+0000] {task_command.py:410} INFO - Running <TaskInstance: etl_dag.transform_data manual__2023-07-09T06:12:46.159277+00:00 [running]> on host 5865fe7b5e5b
[2023-07-09T06:12:50.873+0000] {taskinstance.py:1547} INFO - Exporting env vars: AIRFLOW_CTX_DAG_OWNER='***' AIRFLOW_CTX_DAG_ID='etl_dag' AIRFLOW_CTX_TASK_ID='transform_data' AIRFLOW_CTX_EXECUTION_DATE='2023-07-09T06:12:46.159277+00:00' AIRFLOW_CTX_TRY_NUMBER='1' AIRFLOW_CTX_DAG_RUN_ID='manual__2023-07-09T06:12:46.159277+00:00'
[2023-07-09T06:12:50.876+0000] {python.py:183} INFO - Done. Returned value was:    LocationAbbr  ... StratificationID3
0            AR  ...                  
1            CO  ...                  
2            DC  ...                  
3            GA  ...                  
4            MI  ...                  
5            MT  ...                  
6            OR  ...                  
7            PR  ...                  
8            PR  ...                  
9            WI  ...                  
10           WI  ...                  
11           AL  ...                  
12           ID  ...                  
13           ID  ...                  
14           IL  ...                  
15           KS  ...                  
16           KS  ...                  
17           KS  ...                  
18           LA  ...                  

[19 rows x 32 columns]
[2023-07-09T06:12:50.955+0000] {taskinstance.py:1350} INFO - Marking task as SUCCESS. dag_id=etl_dag, task_id=transform_data, execution_date=20230709T061246, start_date=20230709T061250, end_date=20230709T061250
[2023-07-09T06:12:51.006+0000] {local_task_job_runner.py:225} INFO - Task exited with return code 0
[2023-07-09T06:12:51.030+0000] {taskinstance.py:2653} INFO - 1 downstream tasks scheduled from follow-on schedule check
