[2023-07-09T08:51:37.705+0000] {taskinstance.py:1103} INFO - Dependencies all met for dep_context=non-requeueable deps ti=<TaskInstance: etl_dag.apply_pca manual__2023-07-09T08:51:25.990801+00:00 [queued]>
[2023-07-09T08:51:37.719+0000] {taskinstance.py:1103} INFO - Dependencies all met for dep_context=requeueable deps ti=<TaskInstance: etl_dag.apply_pca manual__2023-07-09T08:51:25.990801+00:00 [queued]>
[2023-07-09T08:51:37.720+0000] {taskinstance.py:1308} INFO - Starting attempt 1 of 1
[2023-07-09T08:51:37.737+0000] {taskinstance.py:1327} INFO - Executing <Task(PythonOperator): apply_pca> on 2023-07-09 08:51:25.990801+00:00
[2023-07-09T08:51:37.744+0000] {standard_task_runner.py:57} INFO - Started process 3155 to run task
[2023-07-09T08:51:37.747+0000] {standard_task_runner.py:84} INFO - Running: ['***', 'tasks', 'run', 'etl_dag', 'apply_pca', 'manual__2023-07-09T08:51:25.990801+00:00', '--job-id', '130', '--raw', '--subdir', 'DAGS_FOLDER/test.py', '--cfg-path', '/tmp/tmp__7z41rq']
[2023-07-09T08:51:37.748+0000] {standard_task_runner.py:85} INFO - Job 130: Subtask apply_pca
[2023-07-09T08:51:37.798+0000] {task_command.py:410} INFO - Running <TaskInstance: etl_dag.apply_pca manual__2023-07-09T08:51:25.990801+00:00 [running]> on host 5865fe7b5e5b
[2023-07-09T08:51:38.049+0000] {taskinstance.py:1547} INFO - Exporting env vars: AIRFLOW_CTX_DAG_OWNER='***' AIRFLOW_CTX_DAG_ID='etl_dag' AIRFLOW_CTX_TASK_ID='apply_pca' AIRFLOW_CTX_EXECUTION_DATE='2023-07-09T08:51:25.990801+00:00' AIRFLOW_CTX_TRY_NUMBER='1' AIRFLOW_CTX_DAG_RUN_ID='manual__2023-07-09T08:51:25.990801+00:00'
[2023-07-09T08:51:38.074+0000] {warnings.py:110} WARNING - /opt/***/dags/test.py:73: FutureWarning: Dropping of nuisance columns in DataFrame reductions (with 'numeric_only=None') is deprecated; in a future version this will raise TypeError.  Select only valid columns before calling the reduction.
  df.fillna(df.mean(), inplace=True)

[2023-07-09T08:51:38.084+0000] {warnings.py:110} WARNING - /opt/***/dags/test.py:76: FutureWarning: Dropping of nuisance columns in DataFrame reductions (with 'numeric_only=None') is deprecated; in a future version this will raise TypeError.  Select only valid columns before calling the reduction.
  df.fillna(df.median(), inplace=True)

[2023-07-09T08:51:38.105+0000] {logging_mixin.py:149} INFO - Element at index 0, column LocationAbbr: AR
[2023-07-09T08:51:38.106+0000] {logging_mixin.py:149} INFO - Element at index 0, column LocationDesc: Arkansas
[2023-07-09T08:51:38.106+0000] {logging_mixin.py:149} INFO - Element at index 0, column DataSource: SEDD; SID
[2023-07-09T08:51:38.107+0000] {logging_mixin.py:149} INFO - Element at index 0, column Topic: Asthma
[2023-07-09T08:51:38.107+0000] {logging_mixin.py:149} INFO - Element at index 0, column Question: Hospitalizations for asthma
[2023-07-09T08:51:38.108+0000] {logging_mixin.py:149} INFO - Element at index 0, column Response: 
[2023-07-09T08:51:38.108+0000] {logging_mixin.py:149} INFO - Element at index 0, column DataValueUnit: 
[2023-07-09T08:51:38.109+0000] {logging_mixin.py:149} INFO - Element at index 0, column DataValueType: Number
[2023-07-09T08:51:38.109+0000] {logging_mixin.py:149} INFO - Element at index 0, column DataValue: 916.0
[2023-07-09T08:51:38.110+0000] {logging_mixin.py:149} INFO - Element at index 0, column DataValueAlt: 916.0
[2023-07-09T08:51:38.110+0000] {logging_mixin.py:149} INFO - Element at index 0, column DataValueFootnoteSymbol: 
[2023-07-09T08:51:38.111+0000] {logging_mixin.py:149} INFO - Element at index 0, column DatavalueFootnote: 
[2023-07-09T08:51:38.112+0000] {logging_mixin.py:149} INFO - Element at index 0, column LowConfidenceLimit: 
[2023-07-09T08:51:38.112+0000] {logging_mixin.py:149} INFO - Element at index 0, column HighConfidenceLimit: 
[2023-07-09T08:51:38.113+0000] {logging_mixin.py:149} INFO - Element at index 0, column StratificationCategory1: Gender
[2023-07-09T08:51:38.113+0000] {logging_mixin.py:149} INFO - Element at index 0, column Stratification1: Male
[2023-07-09T08:51:38.114+0000] {logging_mixin.py:149} INFO - Element at index 0, column StratificationCategory2: 
[2023-07-09T08:51:38.114+0000] {logging_mixin.py:149} INFO - Element at index 0, column Stratification2: 
[2023-07-09T08:51:38.115+0000] {logging_mixin.py:149} INFO - Element at index 0, column StratificationCategory3: 
[2023-07-09T08:51:38.116+0000] {logging_mixin.py:149} INFO - Element at index 0, column Stratification3: 
[2023-07-09T08:51:38.116+0000] {logging_mixin.py:149} INFO - Element at index 0, column ResponseID: 
[2023-07-09T08:51:38.117+0000] {logging_mixin.py:149} INFO - Element at index 0, column LocationID: 5
[2023-07-09T08:51:38.117+0000] {logging_mixin.py:149} INFO - Element at index 0, column TopicID: AST
[2023-07-09T08:51:38.118+0000] {logging_mixin.py:149} INFO - Element at index 0, column QuestionID: AST3_1
[2023-07-09T08:51:38.119+0000] {logging_mixin.py:149} INFO - Element at index 0, column DataValueTypeID: NMBR
[2023-07-09T08:51:38.119+0000] {logging_mixin.py:149} INFO - Element at index 0, column StratificationCategoryID1: GENDER
[2023-07-09T08:51:38.120+0000] {logging_mixin.py:149} INFO - Element at index 0, column StratificationID1: GENM
[2023-07-09T08:51:38.120+0000] {logging_mixin.py:149} INFO - Element at index 0, column StratificationCategoryID2: 
[2023-07-09T08:51:38.121+0000] {logging_mixin.py:149} INFO - Element at index 0, column StratificationID2: 
[2023-07-09T08:51:38.121+0000] {logging_mixin.py:149} INFO - Element at index 0, column StratificationCategoryID3: 
[2023-07-09T08:51:38.122+0000] {logging_mixin.py:149} INFO - Element at index 0, column StratificationID3: 
[2023-07-09T08:51:38.122+0000] {logging_mixin.py:149} INFO - Element at index 0, column Duration: 0
[2023-07-09T08:51:38.123+0000] {logging_mixin.py:149} INFO - Element at index 0, column Latitude: -92.27449074299966
[2023-07-09T08:51:38.123+0000] {logging_mixin.py:149} INFO - Element at index 0, column Longitude: 34.74865012400045
[2023-07-09T08:51:38.124+0000] {logging_mixin.py:149} INFO - Element at index 0, column PCA1: 2.3291918185623466
[2023-07-09T08:51:38.125+0000] {logging_mixin.py:149} INFO - Element at index 0, column PCA2: -2.050248660609724
[2023-07-09T08:51:38.125+0000] {logging_mixin.py:149} INFO - Element at index 1, column LocationAbbr: CO
[2023-07-09T08:51:38.126+0000] {logging_mixin.py:149} INFO - Element at index 1, column LocationDesc: Colorado
[2023-07-09T08:51:38.126+0000] {logging_mixin.py:149} INFO - Element at index 1, column DataSource: SEDD; SID
[2023-07-09T08:51:38.127+0000] {logging_mixin.py:149} INFO - Element at index 1, column Topic: Asthma
[2023-07-09T08:51:38.127+0000] {logging_mixin.py:149} INFO - Element at index 1, column Question: Hospitalizations for asthma
[2023-07-09T08:51:38.128+0000] {logging_mixin.py:149} INFO - Element at index 1, column Response: 
[2023-07-09T08:51:38.128+0000] {logging_mixin.py:149} INFO - Element at index 1, column DataValueUnit: 
[2023-07-09T08:51:38.129+0000] {logging_mixin.py:149} INFO - Element at index 1, column DataValueType: Number
[2023-07-09T08:51:38.130+0000] {logging_mixin.py:149} INFO - Element at index 1, column DataValue: 2227.0
[2023-07-09T08:51:38.130+0000] {logging_mixin.py:149} INFO - Element at index 1, column DataValueAlt: 2227.0
[2023-07-09T08:51:38.131+0000] {logging_mixin.py:149} INFO - Element at index 1, column DataValueFootnoteSymbol: 
[2023-07-09T08:51:38.132+0000] {logging_mixin.py:149} INFO - Element at index 1, column DatavalueFootnote: 
[2023-07-09T08:51:38.132+0000] {logging_mixin.py:149} INFO - Element at index 1, column LowConfidenceLimit: 
[2023-07-09T08:51:38.133+0000] {logging_mixin.py:149} INFO - Element at index 1, column HighConfidenceLimit: 
[2023-07-09T08:51:38.133+0000] {logging_mixin.py:149} INFO - Element at index 1, column StratificationCategory1: Overall
[2023-07-09T08:51:38.134+0000] {logging_mixin.py:149} INFO - Element at index 1, column Stratification1: Overall
[2023-07-09T08:51:38.134+0000] {logging_mixin.py:149} INFO - Element at index 1, column StratificationCategory2: 
[2023-07-09T08:51:38.135+0000] {logging_mixin.py:149} INFO - Element at index 1, column Stratification2: 
[2023-07-09T08:51:38.135+0000] {logging_mixin.py:149} INFO - Element at index 1, column StratificationCategory3: 
[2023-07-09T08:51:38.136+0000] {logging_mixin.py:149} INFO - Element at index 1, column Stratification3: 
[2023-07-09T08:51:38.137+0000] {logging_mixin.py:149} INFO - Element at index 1, column ResponseID: 
[2023-07-09T08:51:38.137+0000] {logging_mixin.py:149} INFO - Element at index 1, column LocationID: 8
[2023-07-09T08:51:38.138+0000] {logging_mixin.py:149} INFO - Element at index 1, column TopicID: AST
[2023-07-09T08:51:38.138+0000] {logging_mixin.py:149} INFO - Element at index 1, column QuestionID: AST3_1
[2023-07-09T08:51:38.139+0000] {logging_mixin.py:149} INFO - Element at index 1, column DataValueTypeID: NMBR
[2023-07-09T08:51:38.139+0000] {logging_mixin.py:149} INFO - Element at index 1, column StratificationCategoryID1: OVERALL
[2023-07-09T08:51:38.140+0000] {logging_mixin.py:149} INFO - Element at index 1, column StratificationID1: OVR
[2023-07-09T08:51:38.141+0000] {logging_mixin.py:149} INFO - Element at index 1, column StratificationCategoryID2: 
[2023-07-09T08:51:38.141+0000] {logging_mixin.py:149} INFO - Element at index 1, column StratificationID2: 
[2023-07-09T08:51:38.142+0000] {logging_mixin.py:149} INFO - Element at index 1, column StratificationCategoryID3: 
[2023-07-09T08:51:38.142+0000] {logging_mixin.py:149} INFO - Element at index 1, column StratificationID3: 
[2023-07-09T08:51:38.143+0000] {logging_mixin.py:149} INFO - Element at index 1, column Duration: 0
[2023-07-09T08:51:38.143+0000] {logging_mixin.py:149} INFO - Element at index 1, column Latitude: -106.13361092099967
[2023-07-09T08:51:38.144+0000] {logging_mixin.py:149} INFO - Element at index 1, column Longitude: 38.843840757000464
[2023-07-09T08:51:38.144+0000] {logging_mixin.py:149} INFO - Element at index 1, column PCA1: -11.989688420908653
[2023-07-09T08:51:38.145+0000] {logging_mixin.py:149} INFO - Element at index 1, column PCA2: -4.003570732502888
[2023-07-09T08:51:38.146+0000] {logging_mixin.py:149} INFO - Element at index 2, column LocationAbbr: DC
[2023-07-09T08:51:38.146+0000] {logging_mixin.py:149} INFO - Element at index 2, column LocationDesc: District of Columbia
[2023-07-09T08:51:38.147+0000] {logging_mixin.py:149} INFO - Element at index 2, column DataSource: SEDD; SID
[2023-07-09T08:51:38.148+0000] {logging_mixin.py:149} INFO - Element at index 2, column Topic: Asthma
[2023-07-09T08:51:38.148+0000] {logging_mixin.py:149} INFO - Element at index 2, column Question: Hospitalizations for asthma
[2023-07-09T08:51:38.149+0000] {logging_mixin.py:149} INFO - Element at index 2, column Response: 
[2023-07-09T08:51:38.149+0000] {logging_mixin.py:149} INFO - Element at index 2, column DataValueUnit: 
[2023-07-09T08:51:38.150+0000] {logging_mixin.py:149} INFO - Element at index 2, column DataValueType: Number
[2023-07-09T08:51:38.150+0000] {logging_mixin.py:149} INFO - Element at index 2, column DataValue: 708.0
[2023-07-09T08:51:38.151+0000] {logging_mixin.py:149} INFO - Element at index 2, column DataValueAlt: 708.0
[2023-07-09T08:51:38.152+0000] {logging_mixin.py:149} INFO - Element at index 2, column DataValueFootnoteSymbol: 
[2023-07-09T08:51:38.152+0000] {logging_mixin.py:149} INFO - Element at index 2, column DatavalueFootnote: 
[2023-07-09T08:51:38.153+0000] {logging_mixin.py:149} INFO - Element at index 2, column LowConfidenceLimit: 
[2023-07-09T08:51:38.154+0000] {logging_mixin.py:149} INFO - Element at index 2, column HighConfidenceLimit: 
[2023-07-09T08:51:38.155+0000] {logging_mixin.py:149} INFO - Element at index 2, column StratificationCategory1: Overall
[2023-07-09T08:51:38.155+0000] {logging_mixin.py:149} INFO - Element at index 2, column Stratification1: Overall
[2023-07-09T08:51:38.156+0000] {logging_mixin.py:149} INFO - Element at index 2, column StratificationCategory2: 
[2023-07-09T08:51:38.157+0000] {logging_mixin.py:149} INFO - Element at index 2, column Stratification2: 
[2023-07-09T08:51:38.158+0000] {logging_mixin.py:149} INFO - Element at index 2, column StratificationCategory3: 
[2023-07-09T08:51:38.158+0000] {logging_mixin.py:149} INFO - Element at index 2, column Stratification3: 
[2023-07-09T08:51:38.159+0000] {logging_mixin.py:149} INFO - Element at index 2, column ResponseID: 
[2023-07-09T08:51:38.160+0000] {logging_mixin.py:149} INFO - Element at index 2, column LocationID: 11
[2023-07-09T08:51:38.161+0000] {logging_mixin.py:149} INFO - Element at index 2, column TopicID: AST
[2023-07-09T08:51:38.162+0000] {logging_mixin.py:149} INFO - Element at index 2, column QuestionID: AST3_1
[2023-07-09T08:51:38.163+0000] {logging_mixin.py:149} INFO - Element at index 2, column DataValueTypeID: NMBR
[2023-07-09T08:51:38.163+0000] {logging_mixin.py:149} INFO - Element at index 2, column StratificationCategoryID1: OVERALL
[2023-07-09T08:51:38.164+0000] {logging_mixin.py:149} INFO - Element at index 2, column StratificationID1: OVR
[2023-07-09T08:51:38.165+0000] {logging_mixin.py:149} INFO - Element at index 2, column StratificationCategoryID2: 
[2023-07-09T08:51:38.166+0000] {logging_mixin.py:149} INFO - Element at index 2, column StratificationID2: 
[2023-07-09T08:51:38.167+0000] {logging_mixin.py:149} INFO - Element at index 2, column StratificationCategoryID3: 
[2023-07-09T08:51:38.167+0000] {logging_mixin.py:149} INFO - Element at index 2, column StratificationID3: 
[2023-07-09T08:51:38.168+0000] {logging_mixin.py:149} INFO - Element at index 2, column Duration: 0
[2023-07-09T08:51:38.169+0000] {logging_mixin.py:149} INFO - Element at index 2, column Latitude: -77.036871
[2023-07-09T08:51:38.169+0000] {logging_mixin.py:149} INFO - Element at index 2, column Longitude: 38.907192
[2023-07-09T08:51:38.170+0000] {logging_mixin.py:149} INFO - Element at index 2, column PCA1: 14.517820677339817
[2023-07-09T08:51:38.171+0000] {logging_mixin.py:149} INFO - Element at index 2, column PCA2: 7.9954395940432
[2023-07-09T08:51:38.172+0000] {logging_mixin.py:149} INFO - Element at index 3, column LocationAbbr: GA
[2023-07-09T08:51:38.173+0000] {logging_mixin.py:149} INFO - Element at index 3, column LocationDesc: Georgia
[2023-07-09T08:51:38.174+0000] {logging_mixin.py:149} INFO - Element at index 3, column DataSource: SEDD; SID
[2023-07-09T08:51:38.174+0000] {logging_mixin.py:149} INFO - Element at index 3, column Topic: Asthma
[2023-07-09T08:51:38.175+0000] {logging_mixin.py:149} INFO - Element at index 3, column Question: Hospitalizations for asthma
[2023-07-09T08:51:38.175+0000] {logging_mixin.py:149} INFO - Element at index 3, column Response: 
[2023-07-09T08:51:38.176+0000] {logging_mixin.py:149} INFO - Element at index 3, column DataValueUnit: 
[2023-07-09T08:51:38.176+0000] {logging_mixin.py:149} INFO - Element at index 3, column DataValueType: Number
[2023-07-09T08:51:38.177+0000] {logging_mixin.py:149} INFO - Element at index 3, column DataValue: 3520.0
[2023-07-09T08:51:38.177+0000] {logging_mixin.py:149} INFO - Element at index 3, column DataValueAlt: 3520.0
[2023-07-09T08:51:38.178+0000] {logging_mixin.py:149} INFO - Element at index 3, column DataValueFootnoteSymbol: 
[2023-07-09T08:51:38.179+0000] {logging_mixin.py:149} INFO - Element at index 3, column DatavalueFootnote: 
[2023-07-09T08:51:38.179+0000] {logging_mixin.py:149} INFO - Element at index 3, column LowConfidenceLimit: 
[2023-07-09T08:51:38.180+0000] {logging_mixin.py:149} INFO - Element at index 3, column HighConfidenceLimit: 
[2023-07-09T08:51:38.180+0000] {logging_mixin.py:149} INFO - Element at index 3, column StratificationCategory1: Gender
[2023-07-09T08:51:38.181+0000] {logging_mixin.py:149} INFO - Element at index 3, column Stratification1: Female
[2023-07-09T08:51:38.182+0000] {logging_mixin.py:149} INFO - Element at index 3, column StratificationCategory2: 
[2023-07-09T08:51:38.182+0000] {logging_mixin.py:149} INFO - Element at index 3, column Stratification2: 
[2023-07-09T08:51:38.183+0000] {logging_mixin.py:149} INFO - Element at index 3, column StratificationCategory3: 
[2023-07-09T08:51:38.183+0000] {logging_mixin.py:149} INFO - Element at index 3, column Stratification3: 
[2023-07-09T08:51:38.184+0000] {logging_mixin.py:149} INFO - Element at index 3, column ResponseID: 
[2023-07-09T08:51:38.184+0000] {logging_mixin.py:149} INFO - Element at index 3, column LocationID: 13
[2023-07-09T08:51:38.185+0000] {logging_mixin.py:149} INFO - Element at index 3, column TopicID: AST
[2023-07-09T08:51:38.186+0000] {logging_mixin.py:149} INFO - Element at index 3, column QuestionID: AST3_1
[2023-07-09T08:51:38.186+0000] {logging_mixin.py:149} INFO - Element at index 3, column DataValueTypeID: NMBR
[2023-07-09T08:51:38.187+0000] {logging_mixin.py:149} INFO - Element at index 3, column StratificationCategoryID1: GENDER
[2023-07-09T08:51:38.188+0000] {logging_mixin.py:149} INFO - Element at index 3, column StratificationID1: GENF
[2023-07-09T08:51:38.188+0000] {logging_mixin.py:149} INFO - Element at index 3, column StratificationCategoryID2: 
[2023-07-09T08:51:38.189+0000] {logging_mixin.py:149} INFO - Element at index 3, column StratificationID2: 
[2023-07-09T08:51:38.190+0000] {logging_mixin.py:149} INFO - Element at index 3, column StratificationCategoryID3: 
[2023-07-09T08:51:38.191+0000] {logging_mixin.py:149} INFO - Element at index 3, column StratificationID3: 
[2023-07-09T08:51:38.192+0000] {logging_mixin.py:149} INFO - Element at index 3, column Duration: 0
[2023-07-09T08:51:38.193+0000] {logging_mixin.py:149} INFO - Element at index 3, column Latitude: -83.62758034599966
[2023-07-09T08:51:38.194+0000] {logging_mixin.py:149} INFO - Element at index 3, column Longitude: 32.83968109300048
[2023-07-09T08:51:38.195+0000] {logging_mixin.py:149} INFO - Element at index 3, column PCA1: 10.997803036494114
[2023-07-09T08:51:38.195+0000] {logging_mixin.py:149} INFO - Element at index 3, column PCA2: -0.24237650600057764
[2023-07-09T08:51:38.196+0000] {logging_mixin.py:149} INFO - Element at index 4, column LocationAbbr: MI
[2023-07-09T08:51:38.197+0000] {logging_mixin.py:149} INFO - Element at index 4, column LocationDesc: Michigan
[2023-07-09T08:51:38.198+0000] {logging_mixin.py:149} INFO - Element at index 4, column DataSource: SEDD; SID
[2023-07-09T08:51:38.199+0000] {logging_mixin.py:149} INFO - Element at index 4, column Topic: Asthma
[2023-07-09T08:51:38.199+0000] {logging_mixin.py:149} INFO - Element at index 4, column Question: Hospitalizations for asthma
[2023-07-09T08:51:38.200+0000] {logging_mixin.py:149} INFO - Element at index 4, column Response: 
[2023-07-09T08:51:38.201+0000] {logging_mixin.py:149} INFO - Element at index 4, column DataValueUnit: 
[2023-07-09T08:51:38.202+0000] {logging_mixin.py:149} INFO - Element at index 4, column DataValueType: Number
[2023-07-09T08:51:38.203+0000] {logging_mixin.py:149} INFO - Element at index 4, column DataValue: 123.0
[2023-07-09T08:51:38.203+0000] {logging_mixin.py:149} INFO - Element at index 4, column DataValueAlt: 123.0
[2023-07-09T08:51:38.204+0000] {logging_mixin.py:149} INFO - Element at index 4, column DataValueFootnoteSymbol: 
[2023-07-09T08:51:38.205+0000] {logging_mixin.py:149} INFO - Element at index 4, column DatavalueFootnote: 
[2023-07-09T08:51:38.206+0000] {logging_mixin.py:149} INFO - Element at index 4, column LowConfidenceLimit: 
[2023-07-09T08:51:38.207+0000] {logging_mixin.py:149} INFO - Element at index 4, column HighConfidenceLimit: 
[2023-07-09T08:51:38.208+0000] {logging_mixin.py:149} INFO - Element at index 4, column StratificationCategory1: Race/Ethnicity
[2023-07-09T08:51:38.208+0000] {logging_mixin.py:149} INFO - Element at index 4, column Stratification1: Hispanic
[2023-07-09T08:51:38.209+0000] {logging_mixin.py:149} INFO - Element at index 4, column StratificationCategory2: 
[2023-07-09T08:51:38.209+0000] {logging_mixin.py:149} INFO - Element at index 4, column Stratification2: 
[2023-07-09T08:51:38.210+0000] {logging_mixin.py:149} INFO - Element at index 4, column StratificationCategory3: 
[2023-07-09T08:51:38.211+0000] {logging_mixin.py:149} INFO - Element at index 4, column Stratification3: 
[2023-07-09T08:51:38.212+0000] {logging_mixin.py:149} INFO - Element at index 4, column ResponseID: 
[2023-07-09T08:51:38.213+0000] {logging_mixin.py:149} INFO - Element at index 4, column LocationID: 26
[2023-07-09T08:51:38.214+0000] {logging_mixin.py:149} INFO - Element at index 4, column TopicID: AST
[2023-07-09T08:51:38.215+0000] {logging_mixin.py:149} INFO - Element at index 4, column QuestionID: AST3_1
[2023-07-09T08:51:38.216+0000] {logging_mixin.py:149} INFO - Element at index 4, column DataValueTypeID: NMBR
[2023-07-09T08:51:38.217+0000] {logging_mixin.py:149} INFO - Element at index 4, column StratificationCategoryID1: RACE
[2023-07-09T08:51:38.218+0000] {logging_mixin.py:149} INFO - Element at index 4, column StratificationID1: HIS
[2023-07-09T08:51:38.220+0000] {logging_mixin.py:149} INFO - Element at index 4, column StratificationCategoryID2: 
[2023-07-09T08:51:38.221+0000] {logging_mixin.py:149} INFO - Element at index 4, column StratificationID2: 
[2023-07-09T08:51:38.221+0000] {logging_mixin.py:149} INFO - Element at index 4, column StratificationCategoryID3: 
[2023-07-09T08:51:38.222+0000] {logging_mixin.py:149} INFO - Element at index 4, column StratificationID3: 
[2023-07-09T08:51:38.223+0000] {logging_mixin.py:149} INFO - Element at index 4, column Duration: 0
[2023-07-09T08:51:38.224+0000] {logging_mixin.py:149} INFO - Element at index 4, column Latitude: -84.71439026999968
[2023-07-09T08:51:38.224+0000] {logging_mixin.py:149} INFO - Element at index 4, column Longitude: 44.6613195430005
[2023-07-09T08:51:38.225+0000] {logging_mixin.py:149} INFO - Element at index 4, column PCA1: 5.155158757553007
[2023-07-09T08:51:38.226+0000] {logging_mixin.py:149} INFO - Element at index 4, column PCA2: 10.091828798868333
[2023-07-09T08:51:38.227+0000] {logging_mixin.py:149} INFO - Element at index 6, column LocationAbbr: OR
[2023-07-09T08:51:38.229+0000] {logging_mixin.py:149} INFO - Element at index 6, column LocationDesc: Oregon
[2023-07-09T08:51:38.229+0000] {logging_mixin.py:149} INFO - Element at index 6, column DataSource: SEDD; SID
[2023-07-09T08:51:38.230+0000] {logging_mixin.py:149} INFO - Element at index 6, column Topic: Asthma
[2023-07-09T08:51:38.231+0000] {logging_mixin.py:149} INFO - Element at index 6, column Question: Hospitalizations for asthma
[2023-07-09T08:51:38.232+0000] {logging_mixin.py:149} INFO - Element at index 6, column Response: 
[2023-07-09T08:51:38.233+0000] {logging_mixin.py:149} INFO - Element at index 6, column DataValueUnit: 
[2023-07-09T08:51:38.234+0000] {logging_mixin.py:149} INFO - Element at index 6, column DataValueType: Number
[2023-07-09T08:51:38.234+0000] {logging_mixin.py:149} INFO - Element at index 6, column DataValue: 760.0
[2023-07-09T08:51:38.235+0000] {logging_mixin.py:149} INFO - Element at index 6, column DataValueAlt: 760.0
[2023-07-09T08:51:38.236+0000] {logging_mixin.py:149} INFO - Element at index 6, column DataValueFootnoteSymbol: 
[2023-07-09T08:51:38.237+0000] {logging_mixin.py:149} INFO - Element at index 6, column DatavalueFootnote: 
[2023-07-09T08:51:38.238+0000] {logging_mixin.py:149} INFO - Element at index 6, column LowConfidenceLimit: 
[2023-07-09T08:51:38.239+0000] {logging_mixin.py:149} INFO - Element at index 6, column HighConfidenceLimit: 
[2023-07-09T08:51:38.240+0000] {logging_mixin.py:149} INFO - Element at index 6, column StratificationCategory1: Gender
[2023-07-09T08:51:38.240+0000] {logging_mixin.py:149} INFO - Element at index 6, column Stratification1: Male
[2023-07-09T08:51:38.241+0000] {logging_mixin.py:149} INFO - Element at index 6, column StratificationCategory2: 
[2023-07-09T08:51:38.242+0000] {logging_mixin.py:149} INFO - Element at index 6, column Stratification2: 
[2023-07-09T08:51:38.243+0000] {logging_mixin.py:149} INFO - Element at index 6, column StratificationCategory3: 
[2023-07-09T08:51:38.244+0000] {logging_mixin.py:149} INFO - Element at index 6, column Stratification3: 
[2023-07-09T08:51:38.244+0000] {logging_mixin.py:149} INFO - Element at index 6, column ResponseID: 
[2023-07-09T08:51:38.245+0000] {logging_mixin.py:149} INFO - Element at index 6, column LocationID: 41
[2023-07-09T08:51:38.246+0000] {logging_mixin.py:149} INFO - Element at index 6, column TopicID: AST
[2023-07-09T08:51:38.247+0000] {logging_mixin.py:149} INFO - Element at index 6, column QuestionID: AST3_1
[2023-07-09T08:51:38.248+0000] {logging_mixin.py:149} INFO - Element at index 6, column DataValueTypeID: NMBR
[2023-07-09T08:51:38.249+0000] {logging_mixin.py:149} INFO - Element at index 6, column StratificationCategoryID1: GENDER
[2023-07-09T08:51:38.250+0000] {logging_mixin.py:149} INFO - Element at index 6, column StratificationID1: GENM
[2023-07-09T08:51:38.251+0000] {logging_mixin.py:149} INFO - Element at index 6, column StratificationCategoryID2: 
[2023-07-09T08:51:38.252+0000] {logging_mixin.py:149} INFO - Element at index 6, column StratificationID2: 
[2023-07-09T08:51:38.253+0000] {logging_mixin.py:149} INFO - Element at index 6, column StratificationCategoryID3: 
[2023-07-09T08:51:38.254+0000] {logging_mixin.py:149} INFO - Element at index 6, column StratificationID3: 
[2023-07-09T08:51:38.254+0000] {logging_mixin.py:149} INFO - Element at index 6, column Duration: 0
[2023-07-09T08:51:38.255+0000] {logging_mixin.py:149} INFO - Element at index 6, column Latitude: -120.15503132599969
[2023-07-09T08:51:38.256+0000] {logging_mixin.py:149} INFO - Element at index 6, column Longitude: 44.56744942400047
[2023-07-09T08:51:38.257+0000] {logging_mixin.py:149} INFO - Element at index 6, column PCA1: -27.124870586558036
[2023-07-09T08:51:38.258+0000] {logging_mixin.py:149} INFO - Element at index 6, column PCA2: -4.538535366209853
[2023-07-09T08:51:38.259+0000] {logging_mixin.py:149} INFO - Element at index 9, column LocationAbbr: WI
[2023-07-09T08:51:38.259+0000] {logging_mixin.py:149} INFO - Element at index 9, column LocationDesc: Wisconsin
[2023-07-09T08:51:38.260+0000] {logging_mixin.py:149} INFO - Element at index 9, column DataSource: SEDD; SID
[2023-07-09T08:51:38.261+0000] {logging_mixin.py:149} INFO - Element at index 9, column Topic: Asthma
[2023-07-09T08:51:38.261+0000] {logging_mixin.py:149} INFO - Element at index 9, column Question: Hospitalizations for asthma
[2023-07-09T08:51:38.262+0000] {logging_mixin.py:149} INFO - Element at index 9, column Response: 
[2023-07-09T08:51:38.263+0000] {logging_mixin.py:149} INFO - Element at index 9, column DataValueUnit: 
[2023-07-09T08:51:38.264+0000] {logging_mixin.py:149} INFO - Element at index 9, column DataValueType: Number
[2023-07-09T08:51:38.264+0000] {logging_mixin.py:149} INFO - Element at index 9, column DataValue: 1967.0
[2023-07-09T08:51:38.265+0000] {logging_mixin.py:149} INFO - Element at index 9, column DataValueAlt: 1967.0
[2023-07-09T08:51:38.266+0000] {logging_mixin.py:149} INFO - Element at index 9, column DataValueFootnoteSymbol: 
[2023-07-09T08:51:38.267+0000] {logging_mixin.py:149} INFO - Element at index 9, column DatavalueFootnote: 
[2023-07-09T08:51:38.267+0000] {logging_mixin.py:149} INFO - Element at index 9, column LowConfidenceLimit: 
[2023-07-09T08:51:38.268+0000] {logging_mixin.py:149} INFO - Element at index 9, column HighConfidenceLimit: 
[2023-07-09T08:51:38.269+0000] {logging_mixin.py:149} INFO - Element at index 9, column StratificationCategory1: Gender
[2023-07-09T08:51:38.269+0000] {logging_mixin.py:149} INFO - Element at index 9, column Stratification1: Male
[2023-07-09T08:51:38.270+0000] {logging_mixin.py:149} INFO - Element at index 9, column StratificationCategory2: 
[2023-07-09T08:51:38.271+0000] {logging_mixin.py:149} INFO - Element at index 9, column Stratification2: 
[2023-07-09T08:51:38.272+0000] {logging_mixin.py:149} INFO - Element at index 9, column StratificationCategory3: 
[2023-07-09T08:51:38.273+0000] {logging_mixin.py:149} INFO - Element at index 9, column Stratification3: 
[2023-07-09T08:51:38.274+0000] {logging_mixin.py:149} INFO - Element at index 9, column ResponseID: 
[2023-07-09T08:51:38.275+0000] {logging_mixin.py:149} INFO - Element at index 9, column LocationID: 55
[2023-07-09T08:51:38.275+0000] {logging_mixin.py:149} INFO - Element at index 9, column TopicID: AST
[2023-07-09T08:51:38.276+0000] {logging_mixin.py:149} INFO - Element at index 9, column QuestionID: AST3_1
[2023-07-09T08:51:38.278+0000] {logging_mixin.py:149} INFO - Element at index 9, column DataValueTypeID: NMBR
[2023-07-09T08:51:38.280+0000] {logging_mixin.py:149} INFO - Element at index 9, column StratificationCategoryID1: GENDER
[2023-07-09T08:51:38.281+0000] {logging_mixin.py:149} INFO - Element at index 9, column StratificationID1: GENM
[2023-07-09T08:51:38.284+0000] {logging_mixin.py:149} INFO - Element at index 9, column StratificationCategoryID2: 
[2023-07-09T08:51:38.285+0000] {logging_mixin.py:149} INFO - Element at index 9, column StratificationID2: 
[2023-07-09T08:51:38.286+0000] {logging_mixin.py:149} INFO - Element at index 9, column StratificationCategoryID3: 
[2023-07-09T08:51:38.287+0000] {logging_mixin.py:149} INFO - Element at index 9, column StratificationID3: 
[2023-07-09T08:51:38.289+0000] {logging_mixin.py:149} INFO - Element at index 9, column Duration: 0
[2023-07-09T08:51:38.290+0000] {logging_mixin.py:149} INFO - Element at index 9, column Latitude: -89.81637074199966
[2023-07-09T08:51:38.291+0000] {logging_mixin.py:149} INFO - Element at index 9, column Longitude: 44.39319117400049
[2023-07-09T08:51:38.292+0000] {logging_mixin.py:149} INFO - Element at index 9, column PCA1: 0.6126685526598855
[2023-07-09T08:51:38.294+0000] {logging_mixin.py:149} INFO - Element at index 9, column PCA2: 7.753478889769657
[2023-07-09T08:51:38.296+0000] {logging_mixin.py:149} INFO - Element at index 10, column LocationAbbr: WI
[2023-07-09T08:51:38.297+0000] {logging_mixin.py:149} INFO - Element at index 10, column LocationDesc: Wisconsin
[2023-07-09T08:51:38.298+0000] {logging_mixin.py:149} INFO - Element at index 10, column DataSource: SEDD; SID
[2023-07-09T08:51:38.299+0000] {logging_mixin.py:149} INFO - Element at index 10, column Topic: Asthma
[2023-07-09T08:51:38.301+0000] {logging_mixin.py:149} INFO - Element at index 10, column Question: Hospitalizations for asthma
[2023-07-09T08:51:38.302+0000] {logging_mixin.py:149} INFO - Element at index 10, column Response: 
[2023-07-09T08:51:38.304+0000] {logging_mixin.py:149} INFO - Element at index 10, column DataValueUnit: 
[2023-07-09T08:51:38.306+0000] {logging_mixin.py:149} INFO - Element at index 10, column DataValueType: Number
[2023-07-09T08:51:38.308+0000] {logging_mixin.py:149} INFO - Element at index 10, column DataValue: 110.0
[2023-07-09T08:51:38.309+0000] {logging_mixin.py:149} INFO - Element at index 10, column DataValueAlt: 110.0
[2023-07-09T08:51:38.309+0000] {logging_mixin.py:149} INFO - Element at index 10, column DataValueFootnoteSymbol: 
[2023-07-09T08:51:38.310+0000] {logging_mixin.py:149} INFO - Element at index 10, column DatavalueFootnote: 
[2023-07-09T08:51:38.310+0000] {logging_mixin.py:149} INFO - Element at index 10, column LowConfidenceLimit: 
[2023-07-09T08:51:38.311+0000] {logging_mixin.py:149} INFO - Element at index 10, column HighConfidenceLimit: 
[2023-07-09T08:51:38.312+0000] {logging_mixin.py:149} INFO - Element at index 10, column StratificationCategory1: Race/Ethnicity
[2023-07-09T08:51:38.313+0000] {logging_mixin.py:149} INFO - Element at index 10, column Stratification1: Hispanic
[2023-07-09T08:51:38.313+0000] {logging_mixin.py:149} INFO - Element at index 10, column StratificationCategory2: 
[2023-07-09T08:51:38.314+0000] {logging_mixin.py:149} INFO - Element at index 10, column Stratification2: 
[2023-07-09T08:51:38.315+0000] {logging_mixin.py:149} INFO - Element at index 10, column StratificationCategory3: 
[2023-07-09T08:51:38.315+0000] {logging_mixin.py:149} INFO - Element at index 10, column Stratification3: 
[2023-07-09T08:51:38.316+0000] {logging_mixin.py:149} INFO - Element at index 10, column ResponseID: 
[2023-07-09T08:51:38.316+0000] {logging_mixin.py:149} INFO - Element at index 10, column LocationID: 55
[2023-07-09T08:51:38.317+0000] {logging_mixin.py:149} INFO - Element at index 10, column TopicID: AST
[2023-07-09T08:51:38.318+0000] {logging_mixin.py:149} INFO - Element at index 10, column QuestionID: AST3_1
[2023-07-09T08:51:38.320+0000] {logging_mixin.py:149} INFO - Element at index 10, column DataValueTypeID: NMBR
[2023-07-09T08:51:38.321+0000] {logging_mixin.py:149} INFO - Element at index 10, column StratificationCategoryID1: RACE
[2023-07-09T08:51:38.321+0000] {logging_mixin.py:149} INFO - Element at index 10, column StratificationID1: HIS
[2023-07-09T08:51:38.322+0000] {logging_mixin.py:149} INFO - Element at index 10, column StratificationCategoryID2: 
[2023-07-09T08:51:38.323+0000] {logging_mixin.py:149} INFO - Element at index 10, column StratificationID2: 
[2023-07-09T08:51:38.323+0000] {logging_mixin.py:149} INFO - Element at index 10, column StratificationCategoryID3: 
[2023-07-09T08:51:38.324+0000] {logging_mixin.py:149} INFO - Element at index 10, column StratificationID3: 
[2023-07-09T08:51:38.325+0000] {logging_mixin.py:149} INFO - Element at index 10, column Duration: 0
[2023-07-09T08:51:38.325+0000] {logging_mixin.py:149} INFO - Element at index 10, column Latitude: -89.81637074199966
[2023-07-09T08:51:38.326+0000] {logging_mixin.py:149} INFO - Element at index 10, column Longitude: 44.39319117400049
[2023-07-09T08:51:38.327+0000] {logging_mixin.py:149} INFO - Element at index 10, column PCA1: 0.6126685526598855
[2023-07-09T08:51:38.327+0000] {logging_mixin.py:149} INFO - Element at index 10, column PCA2: 7.753478889769657
[2023-07-09T08:51:38.328+0000] {logging_mixin.py:149} INFO - Element at index 11, column LocationAbbr: AL
[2023-07-09T08:51:38.329+0000] {logging_mixin.py:149} INFO - Element at index 11, column LocationDesc: Alabama
[2023-07-09T08:51:38.329+0000] {logging_mixin.py:149} INFO - Element at index 11, column DataSource: NVSS
[2023-07-09T08:51:38.330+0000] {logging_mixin.py:149} INFO - Element at index 11, column Topic: Asthma
[2023-07-09T08:51:38.330+0000] {logging_mixin.py:149} INFO - Element at index 11, column Question: Asthma mortality rate
[2023-07-09T08:51:38.331+0000] {logging_mixin.py:149} INFO - Element at index 11, column Response: 
[2023-07-09T08:51:38.331+0000] {logging_mixin.py:149} INFO - Element at index 11, column DataValueUnit: 
[2023-07-09T08:51:38.332+0000] {logging_mixin.py:149} INFO - Element at index 11, column DataValueType: Number
[2023-07-09T08:51:38.333+0000] {logging_mixin.py:149} INFO - Element at index 11, column DataValue: 22.0
[2023-07-09T08:51:38.333+0000] {logging_mixin.py:149} INFO - Element at index 11, column DataValueAlt: 22.0
[2023-07-09T08:51:38.334+0000] {logging_mixin.py:149} INFO - Element at index 11, column DataValueFootnoteSymbol: 
[2023-07-09T08:51:38.335+0000] {logging_mixin.py:149} INFO - Element at index 11, column DatavalueFootnote: 
[2023-07-09T08:51:38.336+0000] {logging_mixin.py:149} INFO - Element at index 11, column LowConfidenceLimit: 
[2023-07-09T08:51:38.336+0000] {logging_mixin.py:149} INFO - Element at index 11, column HighConfidenceLimit: 
[2023-07-09T08:51:38.337+0000] {logging_mixin.py:149} INFO - Element at index 11, column StratificationCategory1: Gender
[2023-07-09T08:51:38.338+0000] {logging_mixin.py:149} INFO - Element at index 11, column Stratification1: Male
[2023-07-09T08:51:38.338+0000] {logging_mixin.py:149} INFO - Element at index 11, column StratificationCategory2: 
[2023-07-09T08:51:38.339+0000] {logging_mixin.py:149} INFO - Element at index 11, column Stratification2: 
[2023-07-09T08:51:38.340+0000] {logging_mixin.py:149} INFO - Element at index 11, column StratificationCategory3: 
[2023-07-09T08:51:38.340+0000] {logging_mixin.py:149} INFO - Element at index 11, column Stratification3: 
[2023-07-09T08:51:38.341+0000] {logging_mixin.py:149} INFO - Element at index 11, column ResponseID: 
[2023-07-09T08:51:38.341+0000] {logging_mixin.py:149} INFO - Element at index 11, column LocationID: 1
[2023-07-09T08:51:38.342+0000] {logging_mixin.py:149} INFO - Element at index 11, column TopicID: AST
[2023-07-09T08:51:38.343+0000] {logging_mixin.py:149} INFO - Element at index 11, column QuestionID: AST4_1
[2023-07-09T08:51:38.343+0000] {logging_mixin.py:149} INFO - Element at index 11, column DataValueTypeID: NMBR
[2023-07-09T08:51:38.344+0000] {logging_mixin.py:149} INFO - Element at index 11, column StratificationCategoryID1: GENDER
[2023-07-09T08:51:38.344+0000] {logging_mixin.py:149} INFO - Element at index 11, column StratificationID1: GENM
[2023-07-09T08:51:38.345+0000] {logging_mixin.py:149} INFO - Element at index 11, column StratificationCategoryID2: 
[2023-07-09T08:51:38.345+0000] {logging_mixin.py:149} INFO - Element at index 11, column StratificationID2: 
[2023-07-09T08:51:38.346+0000] {logging_mixin.py:149} INFO - Element at index 11, column StratificationCategoryID3: 
[2023-07-09T08:51:38.347+0000] {logging_mixin.py:149} INFO - Element at index 11, column StratificationID3: 
[2023-07-09T08:51:38.347+0000] {logging_mixin.py:149} INFO - Element at index 11, column Duration: 0
[2023-07-09T08:51:38.348+0000] {logging_mixin.py:149} INFO - Element at index 11, column Latitude: -86.63186076199969
[2023-07-09T08:51:38.348+0000] {logging_mixin.py:149} INFO - Element at index 11, column Longitude: 32.84057112200048
[2023-07-09T08:51:38.349+0000] {logging_mixin.py:149} INFO - Element at index 11, column PCA1: 8.257814719625562
[2023-07-09T08:51:38.349+0000] {logging_mixin.py:149} INFO - Element at index 11, column PCA2: -1.4745151481739185
[2023-07-09T08:51:38.350+0000] {logging_mixin.py:149} INFO - Element at index 12, column LocationAbbr: ID
[2023-07-09T08:51:38.351+0000] {logging_mixin.py:149} INFO - Element at index 12, column LocationDesc: Idaho
[2023-07-09T08:51:38.351+0000] {logging_mixin.py:149} INFO - Element at index 12, column DataSource: NVSS
[2023-07-09T08:51:38.352+0000] {logging_mixin.py:149} INFO - Element at index 12, column Topic: Asthma
[2023-07-09T08:51:38.353+0000] {logging_mixin.py:149} INFO - Element at index 12, column Question: Asthma mortality rate
[2023-07-09T08:51:38.353+0000] {logging_mixin.py:149} INFO - Element at index 12, column Response: 
[2023-07-09T08:51:38.354+0000] {logging_mixin.py:149} INFO - Element at index 12, column DataValueUnit: 
[2023-07-09T08:51:38.354+0000] {logging_mixin.py:149} INFO - Element at index 12, column DataValueType: Number
[2023-07-09T08:51:38.355+0000] {logging_mixin.py:149} INFO - Element at index 12, column DataValue: 21.0
[2023-07-09T08:51:38.356+0000] {logging_mixin.py:149} INFO - Element at index 12, column DataValueAlt: 21.0
[2023-07-09T08:51:38.356+0000] {logging_mixin.py:149} INFO - Element at index 12, column DataValueFootnoteSymbol: 
[2023-07-09T08:51:38.357+0000] {logging_mixin.py:149} INFO - Element at index 12, column DatavalueFootnote: 
[2023-07-09T08:51:38.357+0000] {logging_mixin.py:149} INFO - Element at index 12, column LowConfidenceLimit: 
[2023-07-09T08:51:38.358+0000] {logging_mixin.py:149} INFO - Element at index 12, column HighConfidenceLimit: 
[2023-07-09T08:51:38.359+0000] {logging_mixin.py:149} INFO - Element at index 12, column StratificationCategory1: Overall
[2023-07-09T08:51:38.359+0000] {logging_mixin.py:149} INFO - Element at index 12, column Stratification1: Overall
[2023-07-09T08:51:38.360+0000] {logging_mixin.py:149} INFO - Element at index 12, column StratificationCategory2: 
[2023-07-09T08:51:38.361+0000] {logging_mixin.py:149} INFO - Element at index 12, column Stratification2: 
[2023-07-09T08:51:38.361+0000] {logging_mixin.py:149} INFO - Element at index 12, column StratificationCategory3: 
[2023-07-09T08:51:38.362+0000] {logging_mixin.py:149} INFO - Element at index 12, column Stratification3: 
[2023-07-09T08:51:38.362+0000] {logging_mixin.py:149} INFO - Element at index 12, column ResponseID: 
[2023-07-09T08:51:38.363+0000] {logging_mixin.py:149} INFO - Element at index 12, column LocationID: 16
[2023-07-09T08:51:38.363+0000] {logging_mixin.py:149} INFO - Element at index 12, column TopicID: AST
[2023-07-09T08:51:38.364+0000] {logging_mixin.py:149} INFO - Element at index 12, column QuestionID: AST4_1
[2023-07-09T08:51:38.365+0000] {logging_mixin.py:149} INFO - Element at index 12, column DataValueTypeID: NMBR
[2023-07-09T08:51:38.366+0000] {logging_mixin.py:149} INFO - Element at index 12, column StratificationCategoryID1: OVERALL
[2023-07-09T08:51:38.366+0000] {logging_mixin.py:149} INFO - Element at index 12, column StratificationID1: OVR
[2023-07-09T08:51:38.367+0000] {logging_mixin.py:149} INFO - Element at index 12, column StratificationCategoryID2: 
[2023-07-09T08:51:38.368+0000] {logging_mixin.py:149} INFO - Element at index 12, column StratificationID2: 
[2023-07-09T08:51:38.369+0000] {logging_mixin.py:149} INFO - Element at index 12, column StratificationCategoryID3: 
[2023-07-09T08:51:38.369+0000] {logging_mixin.py:149} INFO - Element at index 12, column StratificationID3: 
[2023-07-09T08:51:38.370+0000] {logging_mixin.py:149} INFO - Element at index 12, column Duration: 0
[2023-07-09T08:51:38.370+0000] {logging_mixin.py:149} INFO - Element at index 12, column Latitude: -114.3637300419997
[2023-07-09T08:51:38.371+0000] {logging_mixin.py:149} INFO - Element at index 12, column Longitude: 43.682630005000476
[2023-07-09T08:51:38.371+0000] {logging_mixin.py:149} INFO - Element at index 12, column PCA1: -21.48061689459043
[2023-07-09T08:51:38.372+0000] {logging_mixin.py:149} INFO - Element at index 12, column PCA2: -2.9686703315621537
[2023-07-09T08:51:38.373+0000] {logging_mixin.py:149} INFO - Element at index 13, column LocationAbbr: ID
[2023-07-09T08:51:38.373+0000] {logging_mixin.py:149} INFO - Element at index 13, column LocationDesc: Idaho
[2023-07-09T08:51:38.374+0000] {logging_mixin.py:149} INFO - Element at index 13, column DataSource: NVSS
[2023-07-09T08:51:38.375+0000] {logging_mixin.py:149} INFO - Element at index 13, column Topic: Asthma
[2023-07-09T08:51:38.375+0000] {logging_mixin.py:149} INFO - Element at index 13, column Question: Asthma mortality rate
[2023-07-09T08:51:38.376+0000] {logging_mixin.py:149} INFO - Element at index 13, column Response: 
[2023-07-09T08:51:38.376+0000] {logging_mixin.py:149} INFO - Element at index 13, column DataValueUnit: 
[2023-07-09T08:51:38.377+0000] {logging_mixin.py:149} INFO - Element at index 13, column DataValueType: Number
[2023-07-09T08:51:38.378+0000] {logging_mixin.py:149} INFO - Element at index 13, column DataValue: 21.0
[2023-07-09T08:51:38.378+0000] {logging_mixin.py:149} INFO - Element at index 13, column DataValueAlt: 21.0
[2023-07-09T08:51:38.379+0000] {logging_mixin.py:149} INFO - Element at index 13, column DataValueFootnoteSymbol: 
[2023-07-09T08:51:38.379+0000] {logging_mixin.py:149} INFO - Element at index 13, column DatavalueFootnote: 
[2023-07-09T08:51:38.380+0000] {logging_mixin.py:149} INFO - Element at index 13, column LowConfidenceLimit: 
[2023-07-09T08:51:38.380+0000] {logging_mixin.py:149} INFO - Element at index 13, column HighConfidenceLimit: 
[2023-07-09T08:51:38.381+0000] {logging_mixin.py:149} INFO - Element at index 13, column StratificationCategory1: Overall
[2023-07-09T08:51:38.382+0000] {logging_mixin.py:149} INFO - Element at index 13, column Stratification1: Overall
[2023-07-09T08:51:38.383+0000] {logging_mixin.py:149} INFO - Element at index 13, column StratificationCategory2: 
[2023-07-09T08:51:38.383+0000] {logging_mixin.py:149} INFO - Element at index 13, column Stratification2: 
[2023-07-09T08:51:38.384+0000] {logging_mixin.py:149} INFO - Element at index 13, column StratificationCategory3: 
[2023-07-09T08:51:38.385+0000] {logging_mixin.py:149} INFO - Element at index 13, column Stratification3: 
[2023-07-09T08:51:38.385+0000] {logging_mixin.py:149} INFO - Element at index 13, column ResponseID: 
[2023-07-09T08:51:38.386+0000] {logging_mixin.py:149} INFO - Element at index 13, column LocationID: 16
[2023-07-09T08:51:38.386+0000] {logging_mixin.py:149} INFO - Element at index 13, column TopicID: AST
[2023-07-09T08:51:38.387+0000] {logging_mixin.py:149} INFO - Element at index 13, column QuestionID: AST4_1
[2023-07-09T08:51:38.388+0000] {logging_mixin.py:149} INFO - Element at index 13, column DataValueTypeID: NMBR
[2023-07-09T08:51:38.389+0000] {logging_mixin.py:149} INFO - Element at index 13, column StratificationCategoryID1: OVERALL
[2023-07-09T08:51:38.390+0000] {logging_mixin.py:149} INFO - Element at index 13, column StratificationID1: OVR
[2023-07-09T08:51:38.390+0000] {logging_mixin.py:149} INFO - Element at index 13, column StratificationCategoryID2: 
[2023-07-09T08:51:38.391+0000] {logging_mixin.py:149} INFO - Element at index 13, column StratificationID2: 
[2023-07-09T08:51:38.391+0000] {logging_mixin.py:149} INFO - Element at index 13, column StratificationCategoryID3: 
[2023-07-09T08:51:38.392+0000] {logging_mixin.py:149} INFO - Element at index 13, column StratificationID3: 
[2023-07-09T08:51:38.393+0000] {logging_mixin.py:149} INFO - Element at index 13, column Duration: 0
[2023-07-09T08:51:38.393+0000] {logging_mixin.py:149} INFO - Element at index 13, column Latitude: -114.3637300419997
[2023-07-09T08:51:38.394+0000] {logging_mixin.py:149} INFO - Element at index 13, column Longitude: 43.682630005000476
[2023-07-09T08:51:38.394+0000] {logging_mixin.py:149} INFO - Element at index 13, column PCA1: -21.48061689459043
[2023-07-09T08:51:38.395+0000] {logging_mixin.py:149} INFO - Element at index 13, column PCA2: -2.9686703315621537
[2023-07-09T08:51:38.395+0000] {logging_mixin.py:149} INFO - Element at index 14, column LocationAbbr: IL
[2023-07-09T08:51:38.396+0000] {logging_mixin.py:149} INFO - Element at index 14, column LocationDesc: Illinois
[2023-07-09T08:51:38.397+0000] {logging_mixin.py:149} INFO - Element at index 14, column DataSource: NVSS
[2023-07-09T08:51:38.397+0000] {logging_mixin.py:149} INFO - Element at index 14, column Topic: Asthma
[2023-07-09T08:51:38.398+0000] {logging_mixin.py:149} INFO - Element at index 14, column Question: Asthma mortality rate
[2023-07-09T08:51:38.399+0000] {logging_mixin.py:149} INFO - Element at index 14, column Response: 
[2023-07-09T08:51:38.399+0000] {logging_mixin.py:149} INFO - Element at index 14, column DataValueUnit: Number
[2023-07-09T08:51:38.400+0000] {logging_mixin.py:149} INFO - Element at index 14, column DataValueType: Number
[2023-07-09T08:51:38.400+0000] {logging_mixin.py:149} INFO - Element at index 14, column DataValue: 89.0
[2023-07-09T08:51:38.401+0000] {logging_mixin.py:149} INFO - Element at index 14, column DataValueAlt: 89.0
[2023-07-09T08:51:38.402+0000] {logging_mixin.py:149} INFO - Element at index 14, column DataValueFootnoteSymbol: 
[2023-07-09T08:51:38.402+0000] {logging_mixin.py:149} INFO - Element at index 14, column DatavalueFootnote: 
[2023-07-09T08:51:38.403+0000] {logging_mixin.py:149} INFO - Element at index 14, column LowConfidenceLimit: 
[2023-07-09T08:51:38.403+0000] {logging_mixin.py:149} INFO - Element at index 14, column HighConfidenceLimit: 
[2023-07-09T08:51:38.404+0000] {logging_mixin.py:149} INFO - Element at index 14, column StratificationCategory1: Gender
[2023-07-09T08:51:38.404+0000] {logging_mixin.py:149} INFO - Element at index 14, column Stratification1: Male
[2023-07-09T08:51:38.405+0000] {logging_mixin.py:149} INFO - Element at index 14, column StratificationCategory2: 
[2023-07-09T08:51:38.405+0000] {logging_mixin.py:149} INFO - Element at index 14, column Stratification2: 
[2023-07-09T08:51:38.406+0000] {logging_mixin.py:149} INFO - Element at index 14, column StratificationCategory3: 
[2023-07-09T08:51:38.406+0000] {logging_mixin.py:149} INFO - Element at index 14, column Stratification3: 
[2023-07-09T08:51:38.407+0000] {logging_mixin.py:149} INFO - Element at index 14, column ResponseID: 
[2023-07-09T08:51:38.408+0000] {logging_mixin.py:149} INFO - Element at index 14, column LocationID: 17
[2023-07-09T08:51:38.408+0000] {logging_mixin.py:149} INFO - Element at index 14, column TopicID: AST
[2023-07-09T08:51:38.409+0000] {logging_mixin.py:149} INFO - Element at index 14, column QuestionID: AST4_1
[2023-07-09T08:51:38.409+0000] {logging_mixin.py:149} INFO - Element at index 14, column DataValueTypeID: NMBR
[2023-07-09T08:51:38.410+0000] {logging_mixin.py:149} INFO - Element at index 14, column StratificationCategoryID1: GENDER
[2023-07-09T08:51:38.410+0000] {logging_mixin.py:149} INFO - Element at index 14, column StratificationID1: GENM
[2023-07-09T08:51:38.411+0000] {logging_mixin.py:149} INFO - Element at index 14, column StratificationCategoryID2: 
[2023-07-09T08:51:38.411+0000] {logging_mixin.py:149} INFO - Element at index 14, column StratificationID2: 
[2023-07-09T08:51:38.412+0000] {logging_mixin.py:149} INFO - Element at index 14, column StratificationCategoryID3: 
[2023-07-09T08:51:38.412+0000] {logging_mixin.py:149} INFO - Element at index 14, column StratificationID3: 
[2023-07-09T08:51:38.413+0000] {logging_mixin.py:149} INFO - Element at index 14, column Duration: 0
[2023-07-09T08:51:38.413+0000] {logging_mixin.py:149} INFO - Element at index 14, column Latitude: -88.99771017799969
[2023-07-09T08:51:38.414+0000] {logging_mixin.py:149} INFO - Element at index 14, column Longitude: 40.48501028300046
[2023-07-09T08:51:38.415+0000] {logging_mixin.py:149} INFO - Element at index 14, column PCA1: 2.963119589591291
[2023-07-09T08:51:38.415+0000] {logging_mixin.py:149} INFO - Element at index 14, column PCA2: 4.5255596034778485
[2023-07-09T08:51:38.416+0000] {logging_mixin.py:149} INFO - Element at index 15, column LocationAbbr: KS
[2023-07-09T08:51:38.417+0000] {logging_mixin.py:149} INFO - Element at index 15, column LocationDesc: Kansas
[2023-07-09T08:51:38.417+0000] {logging_mixin.py:149} INFO - Element at index 15, column DataSource: NVSS
[2023-07-09T08:51:38.418+0000] {logging_mixin.py:149} INFO - Element at index 15, column Topic: Asthma
[2023-07-09T08:51:38.418+0000] {logging_mixin.py:149} INFO - Element at index 15, column Question: Asthma mortality rate
[2023-07-09T08:51:38.419+0000] {logging_mixin.py:149} INFO - Element at index 15, column Response: 
[2023-07-09T08:51:38.420+0000] {logging_mixin.py:149} INFO - Element at index 15, column DataValueUnit: 
[2023-07-09T08:51:38.420+0000] {logging_mixin.py:149} INFO - Element at index 15, column DataValueType: Number
[2023-07-09T08:51:38.421+0000] {logging_mixin.py:149} INFO - Element at index 15, column DataValue: 24.0
[2023-07-09T08:51:38.421+0000] {logging_mixin.py:149} INFO - Element at index 15, column DataValueAlt: 24.0
[2023-07-09T08:51:38.422+0000] {logging_mixin.py:149} INFO - Element at index 15, column DataValueFootnoteSymbol: 
[2023-07-09T08:51:38.423+0000] {logging_mixin.py:149} INFO - Element at index 15, column DatavalueFootnote: 
[2023-07-09T08:51:38.423+0000] {logging_mixin.py:149} INFO - Element at index 15, column LowConfidenceLimit: 
[2023-07-09T08:51:38.424+0000] {logging_mixin.py:149} INFO - Element at index 15, column HighConfidenceLimit: 
[2023-07-09T08:51:38.424+0000] {logging_mixin.py:149} INFO - Element at index 15, column StratificationCategory1: Race/Ethnicity
[2023-07-09T08:51:38.425+0000] {logging_mixin.py:149} INFO - Element at index 15, column Stratification1: White, non-Hispanic
[2023-07-09T08:51:38.426+0000] {logging_mixin.py:149} INFO - Element at index 15, column StratificationCategory2: 
[2023-07-09T08:51:38.426+0000] {logging_mixin.py:149} INFO - Element at index 15, column Stratification2: 
[2023-07-09T08:51:38.427+0000] {logging_mixin.py:149} INFO - Element at index 15, column StratificationCategory3: 
[2023-07-09T08:51:38.427+0000] {logging_mixin.py:149} INFO - Element at index 15, column Stratification3: 
[2023-07-09T08:51:38.428+0000] {logging_mixin.py:149} INFO - Element at index 15, column ResponseID: 
[2023-07-09T08:51:38.428+0000] {logging_mixin.py:149} INFO - Element at index 15, column LocationID: 20
[2023-07-09T08:51:38.429+0000] {logging_mixin.py:149} INFO - Element at index 15, column TopicID: AST
[2023-07-09T08:51:38.429+0000] {logging_mixin.py:149} INFO - Element at index 15, column QuestionID: AST4_1
[2023-07-09T08:51:38.430+0000] {logging_mixin.py:149} INFO - Element at index 15, column DataValueTypeID: NMBR
[2023-07-09T08:51:38.431+0000] {logging_mixin.py:149} INFO - Element at index 15, column StratificationCategoryID1: RACE
[2023-07-09T08:51:38.431+0000] {logging_mixin.py:149} INFO - Element at index 15, column StratificationID1: WHT
[2023-07-09T08:51:38.432+0000] {logging_mixin.py:149} INFO - Element at index 15, column StratificationCategoryID2: 
[2023-07-09T08:51:38.432+0000] {logging_mixin.py:149} INFO - Element at index 15, column StratificationID2: 
[2023-07-09T08:51:38.433+0000] {logging_mixin.py:149} INFO - Element at index 15, column StratificationCategoryID3: 
[2023-07-09T08:51:38.433+0000] {logging_mixin.py:149} INFO - Element at index 15, column StratificationID3: 
[2023-07-09T08:51:38.434+0000] {logging_mixin.py:149} INFO - Element at index 15, column Duration: 0
[2023-07-09T08:51:38.434+0000] {logging_mixin.py:149} INFO - Element at index 15, column Latitude: -98.20078122699965
[2023-07-09T08:51:38.435+0000] {logging_mixin.py:149} INFO - Element at index 15, column Longitude: 38.34774030000045
[2023-07-09T08:51:38.435+0000] {logging_mixin.py:149} INFO - Element at index 15, column PCA1: -4.552090332711679
[2023-07-09T08:51:38.436+0000] {logging_mixin.py:149} INFO - Element at index 15, column PCA2: -1.2003516372674223
[2023-07-09T08:51:38.437+0000] {logging_mixin.py:149} INFO - Element at index 16, column LocationAbbr: KS
[2023-07-09T08:51:38.437+0000] {logging_mixin.py:149} INFO - Element at index 16, column LocationDesc: Kansas
[2023-07-09T08:51:38.438+0000] {logging_mixin.py:149} INFO - Element at index 16, column DataSource: NVSS
[2023-07-09T08:51:38.438+0000] {logging_mixin.py:149} INFO - Element at index 16, column Topic: Asthma
[2023-07-09T08:51:38.439+0000] {logging_mixin.py:149} INFO - Element at index 16, column Question: Asthma mortality rate
[2023-07-09T08:51:38.439+0000] {logging_mixin.py:149} INFO - Element at index 16, column Response: 
[2023-07-09T08:51:38.440+0000] {logging_mixin.py:149} INFO - Element at index 16, column DataValueUnit: 
[2023-07-09T08:51:38.440+0000] {logging_mixin.py:149} INFO - Element at index 16, column DataValueType: Number
[2023-07-09T08:51:38.441+0000] {logging_mixin.py:149} INFO - Element at index 16, column DataValue: 29.0
[2023-07-09T08:51:38.441+0000] {logging_mixin.py:149} INFO - Element at index 16, column DataValueAlt: 29.0
[2023-07-09T08:51:38.442+0000] {logging_mixin.py:149} INFO - Element at index 16, column DataValueFootnoteSymbol: 
[2023-07-09T08:51:38.443+0000] {logging_mixin.py:149} INFO - Element at index 16, column DatavalueFootnote: 
[2023-07-09T08:51:38.443+0000] {logging_mixin.py:149} INFO - Element at index 16, column LowConfidenceLimit: 
[2023-07-09T08:51:38.444+0000] {logging_mixin.py:149} INFO - Element at index 16, column HighConfidenceLimit: 
[2023-07-09T08:51:38.445+0000] {logging_mixin.py:149} INFO - Element at index 16, column StratificationCategory1: Overall
[2023-07-09T08:51:38.445+0000] {logging_mixin.py:149} INFO - Element at index 16, column Stratification1: Overall
[2023-07-09T08:51:38.447+0000] {logging_mixin.py:149} INFO - Element at index 16, column StratificationCategory2: 
[2023-07-09T08:51:38.447+0000] {logging_mixin.py:149} INFO - Element at index 16, column Stratification2: 
[2023-07-09T08:51:38.448+0000] {logging_mixin.py:149} INFO - Element at index 16, column StratificationCategory3: 
[2023-07-09T08:51:38.449+0000] {logging_mixin.py:149} INFO - Element at index 16, column Stratification3: 
[2023-07-09T08:51:38.450+0000] {logging_mixin.py:149} INFO - Element at index 16, column ResponseID: 
[2023-07-09T08:51:38.450+0000] {logging_mixin.py:149} INFO - Element at index 16, column LocationID: 20
[2023-07-09T08:51:38.451+0000] {logging_mixin.py:149} INFO - Element at index 16, column TopicID: AST
[2023-07-09T08:51:38.452+0000] {logging_mixin.py:149} INFO - Element at index 16, column QuestionID: AST4_1
[2023-07-09T08:51:38.452+0000] {logging_mixin.py:149} INFO - Element at index 16, column DataValueTypeID: NMBR
[2023-07-09T08:51:38.453+0000] {logging_mixin.py:149} INFO - Element at index 16, column StratificationCategoryID1: OVERALL
[2023-07-09T08:51:38.454+0000] {logging_mixin.py:149} INFO - Element at index 16, column StratificationID1: OVR
[2023-07-09T08:51:38.454+0000] {logging_mixin.py:149} INFO - Element at index 16, column StratificationCategoryID2: 
[2023-07-09T08:51:38.455+0000] {logging_mixin.py:149} INFO - Element at index 16, column StratificationID2: 
[2023-07-09T08:51:38.456+0000] {logging_mixin.py:149} INFO - Element at index 16, column StratificationCategoryID3: 
[2023-07-09T08:51:38.457+0000] {logging_mixin.py:149} INFO - Element at index 16, column StratificationID3: 
[2023-07-09T08:51:38.457+0000] {logging_mixin.py:149} INFO - Element at index 16, column Duration: 0
[2023-07-09T08:51:38.458+0000] {logging_mixin.py:149} INFO - Element at index 16, column Latitude: -98.20078122699965
[2023-07-09T08:51:38.459+0000] {logging_mixin.py:149} INFO - Element at index 16, column Longitude: 38.34774030000045
[2023-07-09T08:51:38.459+0000] {logging_mixin.py:149} INFO - Element at index 16, column PCA1: -4.552090332711679
[2023-07-09T08:51:38.460+0000] {logging_mixin.py:149} INFO - Element at index 16, column PCA2: -1.2003516372674223
[2023-07-09T08:51:38.461+0000] {logging_mixin.py:149} INFO - Element at index 17, column LocationAbbr: KS
[2023-07-09T08:51:38.462+0000] {logging_mixin.py:149} INFO - Element at index 17, column LocationDesc: Kansas
[2023-07-09T08:51:38.463+0000] {logging_mixin.py:149} INFO - Element at index 17, column DataSource: NVSS
[2023-07-09T08:51:38.463+0000] {logging_mixin.py:149} INFO - Element at index 17, column Topic: Asthma
[2023-07-09T08:51:38.464+0000] {logging_mixin.py:149} INFO - Element at index 17, column Question: Asthma mortality rate
[2023-07-09T08:51:38.465+0000] {logging_mixin.py:149} INFO - Element at index 17, column Response: 
[2023-07-09T08:51:38.466+0000] {logging_mixin.py:149} INFO - Element at index 17, column DataValueUnit: Number
[2023-07-09T08:51:38.466+0000] {logging_mixin.py:149} INFO - Element at index 17, column DataValueType: Number
[2023-07-09T08:51:38.467+0000] {logging_mixin.py:149} INFO - Element at index 17, column DataValue: 29.0
[2023-07-09T08:51:38.468+0000] {logging_mixin.py:149} INFO - Element at index 17, column DataValueAlt: 29.0
[2023-07-09T08:51:38.469+0000] {logging_mixin.py:149} INFO - Element at index 17, column DataValueFootnoteSymbol: 
[2023-07-09T08:51:38.469+0000] {logging_mixin.py:149} INFO - Element at index 17, column DatavalueFootnote: 
[2023-07-09T08:51:38.470+0000] {logging_mixin.py:149} INFO - Element at index 17, column LowConfidenceLimit: 
[2023-07-09T08:51:38.471+0000] {logging_mixin.py:149} INFO - Element at index 17, column HighConfidenceLimit: 
[2023-07-09T08:51:38.472+0000] {logging_mixin.py:149} INFO - Element at index 17, column StratificationCategory1: Overall
[2023-07-09T08:51:38.473+0000] {logging_mixin.py:149} INFO - Element at index 17, column Stratification1: Overall
[2023-07-09T08:51:38.473+0000] {logging_mixin.py:149} INFO - Element at index 17, column StratificationCategory2: 
[2023-07-09T08:51:38.474+0000] {logging_mixin.py:149} INFO - Element at index 17, column Stratification2: 
[2023-07-09T08:51:38.475+0000] {logging_mixin.py:149} INFO - Element at index 17, column StratificationCategory3: 
[2023-07-09T08:51:38.476+0000] {logging_mixin.py:149} INFO - Element at index 17, column Stratification3: 
[2023-07-09T08:51:38.476+0000] {logging_mixin.py:149} INFO - Element at index 17, column ResponseID: 
[2023-07-09T08:51:38.477+0000] {logging_mixin.py:149} INFO - Element at index 17, column LocationID: 20
[2023-07-09T08:51:38.478+0000] {logging_mixin.py:149} INFO - Element at index 17, column TopicID: AST
[2023-07-09T08:51:38.479+0000] {logging_mixin.py:149} INFO - Element at index 17, column QuestionID: AST4_1
[2023-07-09T08:51:38.480+0000] {logging_mixin.py:149} INFO - Element at index 17, column DataValueTypeID: NMBR
[2023-07-09T08:51:38.481+0000] {logging_mixin.py:149} INFO - Element at index 17, column StratificationCategoryID1: OVERALL
[2023-07-09T08:51:38.481+0000] {logging_mixin.py:149} INFO - Element at index 17, column StratificationID1: OVR
[2023-07-09T08:51:38.482+0000] {logging_mixin.py:149} INFO - Element at index 17, column StratificationCategoryID2: 
[2023-07-09T08:51:38.483+0000] {logging_mixin.py:149} INFO - Element at index 17, column StratificationID2: 
[2023-07-09T08:51:38.483+0000] {logging_mixin.py:149} INFO - Element at index 17, column StratificationCategoryID3: 
[2023-07-09T08:51:38.484+0000] {logging_mixin.py:149} INFO - Element at index 17, column StratificationID3: 
[2023-07-09T08:51:38.485+0000] {logging_mixin.py:149} INFO - Element at index 17, column Duration: 0
[2023-07-09T08:51:38.486+0000] {logging_mixin.py:149} INFO - Element at index 17, column Latitude: -98.20078122699965
[2023-07-09T08:51:38.487+0000] {logging_mixin.py:149} INFO - Element at index 17, column Longitude: 38.34774030000045
[2023-07-09T08:51:38.487+0000] {logging_mixin.py:149} INFO - Element at index 17, column PCA1: -4.552090332711679
[2023-07-09T08:51:38.488+0000] {logging_mixin.py:149} INFO - Element at index 17, column PCA2: -1.2003516372674223
[2023-07-09T08:51:38.490+0000] {logging_mixin.py:149} INFO - Element at index 18, column LocationAbbr: LA
[2023-07-09T08:51:38.490+0000] {logging_mixin.py:149} INFO - Element at index 18, column LocationDesc: Louisiana
[2023-07-09T08:51:38.491+0000] {logging_mixin.py:149} INFO - Element at index 18, column DataSource: NVSS
[2023-07-09T08:51:38.492+0000] {logging_mixin.py:149} INFO - Element at index 18, column Topic: Asthma
[2023-07-09T08:51:38.493+0000] {logging_mixin.py:149} INFO - Element at index 18, column Question: Asthma mortality rate
[2023-07-09T08:51:38.493+0000] {logging_mixin.py:149} INFO - Element at index 18, column Response: 
[2023-07-09T08:51:38.494+0000] {logging_mixin.py:149} INFO - Element at index 18, column DataValueUnit: 
[2023-07-09T08:51:38.495+0000] {logging_mixin.py:149} INFO - Element at index 18, column DataValueType: Number
[2023-07-09T08:51:38.498+0000] {logging_mixin.py:149} INFO - Element at index 18, column DataValue: 21.0
[2023-07-09T08:51:38.499+0000] {logging_mixin.py:149} INFO - Element at index 18, column DataValueAlt: 21.0
[2023-07-09T08:51:38.500+0000] {logging_mixin.py:149} INFO - Element at index 18, column DataValueFootnoteSymbol: 
[2023-07-09T08:51:38.501+0000] {logging_mixin.py:149} INFO - Element at index 18, column DatavalueFootnote: 
[2023-07-09T08:51:38.502+0000] {logging_mixin.py:149} INFO - Element at index 18, column LowConfidenceLimit: 
[2023-07-09T08:51:38.503+0000] {logging_mixin.py:149} INFO - Element at index 18, column HighConfidenceLimit: 
[2023-07-09T08:51:38.504+0000] {logging_mixin.py:149} INFO - Element at index 18, column StratificationCategory1: Gender
[2023-07-09T08:51:38.504+0000] {logging_mixin.py:149} INFO - Element at index 18, column Stratification1: Male
[2023-07-09T08:51:38.505+0000] {logging_mixin.py:149} INFO - Element at index 18, column StratificationCategory2: 
[2023-07-09T08:51:38.506+0000] {logging_mixin.py:149} INFO - Element at index 18, column Stratification2: 
[2023-07-09T08:51:38.507+0000] {logging_mixin.py:149} INFO - Element at index 18, column StratificationCategory3: 
[2023-07-09T08:51:38.508+0000] {logging_mixin.py:149} INFO - Element at index 18, column Stratification3: 
[2023-07-09T08:51:38.509+0000] {logging_mixin.py:149} INFO - Element at index 18, column ResponseID: 
[2023-07-09T08:51:38.510+0000] {logging_mixin.py:149} INFO - Element at index 18, column LocationID: 22
[2023-07-09T08:51:38.511+0000] {logging_mixin.py:149} INFO - Element at index 18, column TopicID: AST
[2023-07-09T08:51:38.512+0000] {logging_mixin.py:149} INFO - Element at index 18, column QuestionID: AST4_1
[2023-07-09T08:51:38.513+0000] {logging_mixin.py:149} INFO - Element at index 18, column DataValueTypeID: NMBR
[2023-07-09T08:51:38.515+0000] {logging_mixin.py:149} INFO - Element at index 18, column StratificationCategoryID1: GENDER
[2023-07-09T08:51:38.515+0000] {logging_mixin.py:149} INFO - Element at index 18, column StratificationID1: GENM
[2023-07-09T08:51:38.518+0000] {logging_mixin.py:149} INFO - Element at index 18, column StratificationCategoryID2: 
[2023-07-09T08:51:38.520+0000] {logging_mixin.py:149} INFO - Element at index 18, column StratificationID2: 
[2023-07-09T08:51:38.521+0000] {logging_mixin.py:149} INFO - Element at index 18, column StratificationCategoryID3: 
[2023-07-09T08:51:38.522+0000] {logging_mixin.py:149} INFO - Element at index 18, column StratificationID3: 
[2023-07-09T08:51:38.523+0000] {logging_mixin.py:149} INFO - Element at index 18, column Duration: 0
[2023-07-09T08:51:38.524+0000] {logging_mixin.py:149} INFO - Element at index 18, column Latitude: -92.44568007099969
[2023-07-09T08:51:38.525+0000] {logging_mixin.py:149} INFO - Element at index 18, column Longitude: 31.31266064400046
[2023-07-09T08:51:38.526+0000] {logging_mixin.py:149} INFO - Element at index 18, column PCA1: 3.583205888750275
[2023-07-09T08:51:38.527+0000] {logging_mixin.py:149} INFO - Element at index 18, column PCA2: -5.25380577801257
[2023-07-09T08:51:38.528+0000] {python.py:183} INFO - Done. Returned value was:    LocationAbbr          LocationDesc  ...       PCA1       PCA2
0            AR              Arkansas  ...   2.329192  -2.050249
1            CO              Colorado  ... -11.989688  -4.003571
2            DC  District of Columbia  ...  14.517821   7.995440
3            GA               Georgia  ...  10.997803  -0.242377
4            MI              Michigan  ...   5.155159  10.091829
6            OR                Oregon  ... -27.124871  -4.538535
9            WI             Wisconsin  ...   0.612669   7.753479
10           WI             Wisconsin  ...   0.612669   7.753479
11           AL               Alabama  ...   8.257815  -1.474515
12           ID                 Idaho  ... -21.480617  -2.968670
13           ID                 Idaho  ... -21.480617  -2.968670
14           IL              Illinois  ...   2.963120   4.525560
15           KS                Kansas  ...  -4.552090  -1.200352
16           KS                Kansas  ...  -4.552090  -1.200352
17           KS                Kansas  ...  -4.552090  -1.200352
18           LA             Louisiana  ...   3.583206  -5.253806

[16 rows x 36 columns]
[2023-07-09T08:51:38.701+0000] {taskinstance.py:1350} INFO - Marking task as SUCCESS. dag_id=etl_dag, task_id=apply_pca, execution_date=20230709T085125, start_date=20230709T085137, end_date=20230709T085138
[2023-07-09T08:51:38.765+0000] {local_task_job_runner.py:225} INFO - Task exited with return code 0
[2023-07-09T08:51:38.808+0000] {taskinstance.py:2653} INFO - 1 downstream tasks scheduled from follow-on schedule check
