[2023-07-09T05:15:16.072+0000] {taskinstance.py:1103} INFO - Dependencies all met for dep_context=non-requeueable deps ti=<TaskInstance: tutorial.templated scheduled__2023-07-08T05:14:50.817362+00:00 [queued]>
[2023-07-09T05:15:16.625+0000] {taskinstance.py:1103} INFO - Dependencies all met for dep_context=requeueable deps ti=<TaskInstance: tutorial.templated scheduled__2023-07-08T05:14:50.817362+00:00 [queued]>
[2023-07-09T05:15:16.628+0000] {taskinstance.py:1308} INFO - Starting attempt 1 of 2
[2023-07-09T05:15:16.706+0000] {taskinstance.py:1327} INFO - Executing <Task(BashOperator): templated> on 2023-07-08 05:14:50.817362+00:00
[2023-07-09T05:15:16.715+0000] {standard_task_runner.py:57} INFO - Started process 227 to run task
[2023-07-09T05:15:16.723+0000] {standard_task_runner.py:84} INFO - Running: ['***', 'tasks', 'run', 'tutorial', 'templated', 'scheduled__2023-07-08T05:14:50.817362+00:00', '--job-id', '11', '--raw', '--subdir', '/home/***/.local/lib/python3.7/site-packages/***/example_dags/tutorial.py', '--cfg-path', '/tmp/tmpg_wwohvo']
[2023-07-09T05:15:16.736+0000] {standard_task_runner.py:85} INFO - Job 11: Subtask templated
[2023-07-09T05:15:16.921+0000] {task_command.py:410} INFO - Running <TaskInstance: tutorial.templated scheduled__2023-07-08T05:14:50.817362+00:00 [running]> on host 5865fe7b5e5b
[2023-07-09T05:15:17.185+0000] {taskinstance.py:1547} INFO - Exporting env vars: AIRFLOW_CTX_DAG_EMAIL='***@example.com' AIRFLOW_CTX_DAG_OWNER='***' AIRFLOW_CTX_DAG_ID='tutorial' AIRFLOW_CTX_TASK_ID='templated' AIRFLOW_CTX_EXECUTION_DATE='2023-07-08T05:14:50.817362+00:00' AIRFLOW_CTX_TRY_NUMBER='1' AIRFLOW_CTX_DAG_RUN_ID='scheduled__2023-07-08T05:14:50.817362+00:00'
[2023-07-09T05:15:17.191+0000] {subprocess.py:63} INFO - Tmp dir root location: /tmp
[2023-07-09T05:15:17.195+0000] {subprocess.py:75} INFO - Running command: ['/bin/bash', '-c', '\n\n    echo "2023-07-08"\n    echo "2023-07-15"\n\n    echo "2023-07-08"\n    echo "2023-07-15"\n\n    echo "2023-07-08"\n    echo "2023-07-15"\n\n    echo "2023-07-08"\n    echo "2023-07-15"\n\n    echo "2023-07-08"\n    echo "2023-07-15"\n']
[2023-07-09T05:15:17.216+0000] {subprocess.py:86} INFO - Output:
[2023-07-09T05:15:17.221+0000] {subprocess.py:93} INFO - 2023-07-08
[2023-07-09T05:15:17.222+0000] {subprocess.py:93} INFO - 2023-07-15
[2023-07-09T05:15:17.223+0000] {subprocess.py:93} INFO - 2023-07-08
[2023-07-09T05:15:17.224+0000] {subprocess.py:93} INFO - 2023-07-15
[2023-07-09T05:15:17.227+0000] {subprocess.py:93} INFO - 2023-07-08
[2023-07-09T05:15:17.235+0000] {subprocess.py:93} INFO - 2023-07-15
[2023-07-09T05:15:17.238+0000] {subprocess.py:93} INFO - 2023-07-08
[2023-07-09T05:15:17.239+0000] {subprocess.py:93} INFO - 2023-07-15
[2023-07-09T05:15:17.240+0000] {subprocess.py:93} INFO - 2023-07-08
[2023-07-09T05:15:17.241+0000] {subprocess.py:93} INFO - 2023-07-15
[2023-07-09T05:15:17.243+0000] {subprocess.py:97} INFO - Command exited with return code 0
[2023-07-09T05:15:17.295+0000] {taskinstance.py:1350} INFO - Marking task as SUCCESS. dag_id=tutorial, task_id=templated, execution_date=20230708T051450, start_date=20230709T051516, end_date=20230709T051517
[2023-07-09T05:15:17.365+0000] {local_task_job_runner.py:225} INFO - Task exited with return code 0
[2023-07-09T05:15:17.409+0000] {taskinstance.py:2653} INFO - 0 downstream tasks scheduled from follow-on schedule check
