[2023-07-09T08:51:29.862+0000] {taskinstance.py:1103} INFO - Dependencies all met for dep_context=non-requeueable deps ti=<TaskInstance: etl_dag.extract_data manual__2023-07-09T08:51:25.990801+00:00 [queued]>
[2023-07-09T08:51:29.876+0000] {taskinstance.py:1103} INFO - Dependencies all met for dep_context=requeueable deps ti=<TaskInstance: etl_dag.extract_data manual__2023-07-09T08:51:25.990801+00:00 [queued]>
[2023-07-09T08:51:29.877+0000] {taskinstance.py:1308} INFO - Starting attempt 1 of 1
[2023-07-09T08:51:29.900+0000] {taskinstance.py:1327} INFO - Executing <Task(PythonOperator): extract_data> on 2023-07-09 08:51:25.990801+00:00
[2023-07-09T08:51:29.910+0000] {standard_task_runner.py:57} INFO - Started process 3143 to run task
[2023-07-09T08:51:29.913+0000] {standard_task_runner.py:84} INFO - Running: ['***', 'tasks', 'run', 'etl_dag', 'extract_data', 'manual__2023-07-09T08:51:25.990801+00:00', '--job-id', '128', '--raw', '--subdir', 'DAGS_FOLDER/test.py', '--cfg-path', '/tmp/tmp_o60lx9k']
[2023-07-09T08:51:29.916+0000] {standard_task_runner.py:85} INFO - Job 128: Subtask extract_data
[2023-07-09T08:51:30.047+0000] {task_command.py:410} INFO - Running <TaskInstance: etl_dag.extract_data manual__2023-07-09T08:51:25.990801+00:00 [running]> on host 5865fe7b5e5b
[2023-07-09T08:51:30.515+0000] {taskinstance.py:1547} INFO - Exporting env vars: AIRFLOW_CTX_DAG_OWNER='***' AIRFLOW_CTX_DAG_ID='etl_dag' AIRFLOW_CTX_TASK_ID='extract_data' AIRFLOW_CTX_EXECUTION_DATE='2023-07-09T08:51:25.990801+00:00' AIRFLOW_CTX_TRY_NUMBER='1' AIRFLOW_CTX_DAG_RUN_ID='manual__2023-07-09T08:51:25.990801+00:00'
[2023-07-09T08:51:30.640+0000] {base.py:73} INFO - Using connection ID 'testsql' for task execution.
[2023-07-09T08:51:30.703+0000] {logging_mixin.py:149} INFO - ================================
[2023-07-09T08:51:30.706+0000] {logging_mixin.py:149} INFO - 0     
1     
2     
3     
4     
5     
6     
7     
8     
9     
10    
11    
12    
13    
14    
15    
16    
17    
18    
Name: Response, dtype: object
[2023-07-09T08:51:30.707+0000] {logging_mixin.py:149} INFO - ================================
[2023-07-09T08:51:30.710+0000] {logging_mixin.py:149} INFO - Element at index 0, column YearStart: 2014
[2023-07-09T08:51:30.711+0000] {logging_mixin.py:149} INFO - Element at index 0, column YearEnd: 2014
[2023-07-09T08:51:30.712+0000] {logging_mixin.py:149} INFO - Element at index 0, column LocationAbbr: AR
[2023-07-09T08:51:30.713+0000] {logging_mixin.py:149} INFO - Element at index 0, column LocationDesc: Arkansas
[2023-07-09T08:51:30.720+0000] {logging_mixin.py:149} INFO - Element at index 0, column DataSource: SEDD; SID
[2023-07-09T08:51:30.721+0000] {logging_mixin.py:149} INFO - Element at index 0, column Topic: Asthma
[2023-07-09T08:51:30.723+0000] {logging_mixin.py:149} INFO - Element at index 0, column Question: Hospitalizations for asthma
[2023-07-09T08:51:30.724+0000] {logging_mixin.py:149} INFO - Element at index 0, column Response: 
[2023-07-09T08:51:30.725+0000] {logging_mixin.py:149} INFO - Element at index 0, column DataValueUnit: 
[2023-07-09T08:51:30.726+0000] {logging_mixin.py:149} INFO - Element at index 0, column DataValueType: Number
[2023-07-09T08:51:30.727+0000] {logging_mixin.py:149} INFO - Element at index 0, column DataValue: 916.0
[2023-07-09T08:51:30.728+0000] {logging_mixin.py:149} INFO - Element at index 0, column DataValueAlt: 916.0
[2023-07-09T08:51:30.731+0000] {logging_mixin.py:149} INFO - Element at index 0, column DataValueFootnoteSymbol: 
[2023-07-09T08:51:30.733+0000] {logging_mixin.py:149} INFO - Element at index 0, column DatavalueFootnote: 
[2023-07-09T08:51:30.733+0000] {logging_mixin.py:149} INFO - Element at index 0, column LowConfidenceLimit: 
[2023-07-09T08:51:30.734+0000] {logging_mixin.py:149} INFO - Element at index 0, column HighConfidenceLimit: 
[2023-07-09T08:51:30.738+0000] {logging_mixin.py:149} INFO - Element at index 0, column StratificationCategory1: Gender
[2023-07-09T08:51:30.739+0000] {logging_mixin.py:149} INFO - Element at index 0, column Stratification1: M***
[2023-07-09T08:51:30.740+0000] {logging_mixin.py:149} INFO - Element at index 0, column StratificationCategory2: 
[2023-07-09T08:51:30.741+0000] {logging_mixin.py:149} INFO - Element at index 0, column Stratification2: 
[2023-07-09T08:51:30.745+0000] {logging_mixin.py:149} INFO - Element at index 0, column StratificationCategory3: 
[2023-07-09T08:51:30.746+0000] {logging_mixin.py:149} INFO - Element at index 0, column Stratification3: 
[2023-07-09T08:51:30.747+0000] {logging_mixin.py:149} INFO - Element at index 0, column GeoLocation: POINT (-92.27449074299966 34.74865012400045)
[2023-07-09T08:51:30.749+0000] {logging_mixin.py:149} INFO - Element at index 0, column ResponseID: 
[2023-07-09T08:51:30.752+0000] {logging_mixin.py:149} INFO - Element at index 0, column LocationID: 5
[2023-07-09T08:51:30.753+0000] {logging_mixin.py:149} INFO - Element at index 0, column TopicID: AST
[2023-07-09T08:51:30.754+0000] {logging_mixin.py:149} INFO - Element at index 0, column QuestionID: AST3_1
[2023-07-09T08:51:30.755+0000] {logging_mixin.py:149} INFO - Element at index 0, column DataValueTypeID: NMBR
[2023-07-09T08:51:30.758+0000] {logging_mixin.py:149} INFO - Element at index 0, column StratificationCategoryID1: GENDER
[2023-07-09T08:51:30.759+0000] {logging_mixin.py:149} INFO - Element at index 0, column StratificationID1: GENM
[2023-07-09T08:51:30.760+0000] {logging_mixin.py:149} INFO - Element at index 0, column StratificationCategoryID2: 
[2023-07-09T08:51:30.761+0000] {logging_mixin.py:149} INFO - Element at index 0, column StratificationID2: 
[2023-07-09T08:51:30.762+0000] {logging_mixin.py:149} INFO - Element at index 0, column StratificationCategoryID3: 
[2023-07-09T08:51:30.764+0000] {logging_mixin.py:149} INFO - Element at index 0, column StratificationID3: 
[2023-07-09T08:51:30.766+0000] {logging_mixin.py:149} INFO - Element at index 1, column YearStart: 2018
[2023-07-09T08:51:30.769+0000] {logging_mixin.py:149} INFO - Element at index 1, column YearEnd: 2018
[2023-07-09T08:51:30.771+0000] {logging_mixin.py:149} INFO - Element at index 1, column LocationAbbr: CO
[2023-07-09T08:51:30.772+0000] {logging_mixin.py:149} INFO - Element at index 1, column LocationDesc: Colorado
[2023-07-09T08:51:30.773+0000] {logging_mixin.py:149} INFO - Element at index 1, column DataSource: SEDD; SID
[2023-07-09T08:51:30.774+0000] {logging_mixin.py:149} INFO - Element at index 1, column Topic: Asthma
[2023-07-09T08:51:30.776+0000] {logging_mixin.py:149} INFO - Element at index 1, column Question: Hospitalizations for asthma
[2023-07-09T08:51:30.777+0000] {logging_mixin.py:149} INFO - Element at index 1, column Response: 
[2023-07-09T08:51:30.778+0000] {logging_mixin.py:149} INFO - Element at index 1, column DataValueUnit: 
[2023-07-09T08:51:30.779+0000] {logging_mixin.py:149} INFO - Element at index 1, column DataValueType: Number
[2023-07-09T08:51:30.781+0000] {logging_mixin.py:149} INFO - Element at index 1, column DataValue: 2227.0
[2023-07-09T08:51:30.782+0000] {logging_mixin.py:149} INFO - Element at index 1, column DataValueAlt: 2227.0
[2023-07-09T08:51:30.785+0000] {logging_mixin.py:149} INFO - Element at index 1, column DataValueFootnoteSymbol: 
[2023-07-09T08:51:30.787+0000] {logging_mixin.py:149} INFO - Element at index 1, column DatavalueFootnote: 
[2023-07-09T08:51:30.789+0000] {logging_mixin.py:149} INFO - Element at index 1, column LowConfidenceLimit: 
[2023-07-09T08:51:30.790+0000] {logging_mixin.py:149} INFO - Element at index 1, column HighConfidenceLimit: 
[2023-07-09T08:51:30.792+0000] {logging_mixin.py:149} INFO - Element at index 1, column StratificationCategory1: Overall
[2023-07-09T08:51:30.793+0000] {logging_mixin.py:149} INFO - Element at index 1, column Stratification1: Overall
[2023-07-09T08:51:30.794+0000] {logging_mixin.py:149} INFO - Element at index 1, column StratificationCategory2: 
[2023-07-09T08:51:30.795+0000] {logging_mixin.py:149} INFO - Element at index 1, column Stratification2: 
[2023-07-09T08:51:30.796+0000] {logging_mixin.py:149} INFO - Element at index 1, column StratificationCategory3: 
[2023-07-09T08:51:30.799+0000] {logging_mixin.py:149} INFO - Element at index 1, column Stratification3: 
[2023-07-09T08:51:30.807+0000] {logging_mixin.py:149} INFO - Element at index 1, column GeoLocation: POINT (-106.13361092099967 38.843840757000464)
[2023-07-09T08:51:30.809+0000] {logging_mixin.py:149} INFO - Element at index 1, column ResponseID: 
[2023-07-09T08:51:30.810+0000] {logging_mixin.py:149} INFO - Element at index 1, column LocationID: 8
[2023-07-09T08:51:30.812+0000] {logging_mixin.py:149} INFO - Element at index 1, column TopicID: AST
[2023-07-09T08:51:30.813+0000] {logging_mixin.py:149} INFO - Element at index 1, column QuestionID: AST3_1
[2023-07-09T08:51:30.814+0000] {logging_mixin.py:149} INFO - Element at index 1, column DataValueTypeID: NMBR
[2023-07-09T08:51:30.815+0000] {logging_mixin.py:149} INFO - Element at index 1, column StratificationCategoryID1: OVERALL
[2023-07-09T08:51:30.816+0000] {logging_mixin.py:149} INFO - Element at index 1, column StratificationID1: OVR
[2023-07-09T08:51:30.817+0000] {logging_mixin.py:149} INFO - Element at index 1, column StratificationCategoryID2: 
[2023-07-09T08:51:30.818+0000] {logging_mixin.py:149} INFO - Element at index 1, column StratificationID2: 
[2023-07-09T08:51:30.819+0000] {logging_mixin.py:149} INFO - Element at index 1, column StratificationCategoryID3: 
[2023-07-09T08:51:30.820+0000] {logging_mixin.py:149} INFO - Element at index 1, column StratificationID3: 
[2023-07-09T08:51:30.821+0000] {logging_mixin.py:149} INFO - Element at index 2, column YearStart: 2018
[2023-07-09T08:51:30.822+0000] {logging_mixin.py:149} INFO - Element at index 2, column YearEnd: 2018
[2023-07-09T08:51:30.823+0000] {logging_mixin.py:149} INFO - Element at index 2, column LocationAbbr: DC
[2023-07-09T08:51:30.823+0000] {logging_mixin.py:149} INFO - Element at index 2, column LocationDesc: District of Columbia
[2023-07-09T08:51:30.824+0000] {logging_mixin.py:149} INFO - Element at index 2, column DataSource: SEDD; SID
[2023-07-09T08:51:30.825+0000] {logging_mixin.py:149} INFO - Element at index 2, column Topic: Asthma
[2023-07-09T08:51:30.826+0000] {logging_mixin.py:149} INFO - Element at index 2, column Question: Hospitalizations for asthma
[2023-07-09T08:51:30.827+0000] {logging_mixin.py:149} INFO - Element at index 2, column Response: 
[2023-07-09T08:51:30.828+0000] {logging_mixin.py:149} INFO - Element at index 2, column DataValueUnit: 
[2023-07-09T08:51:30.829+0000] {logging_mixin.py:149} INFO - Element at index 2, column DataValueType: Number
[2023-07-09T08:51:30.829+0000] {logging_mixin.py:149} INFO - Element at index 2, column DataValue: 708.0
[2023-07-09T08:51:30.830+0000] {logging_mixin.py:149} INFO - Element at index 2, column DataValueAlt: 708.0
[2023-07-09T08:51:30.831+0000] {logging_mixin.py:149} INFO - Element at index 2, column DataValueFootnoteSymbol: 
[2023-07-09T08:51:30.832+0000] {logging_mixin.py:149} INFO - Element at index 2, column DatavalueFootnote: 
[2023-07-09T08:51:30.833+0000] {logging_mixin.py:149} INFO - Element at index 2, column LowConfidenceLimit: 
[2023-07-09T08:51:30.833+0000] {logging_mixin.py:149} INFO - Element at index 2, column HighConfidenceLimit: 
[2023-07-09T08:51:30.834+0000] {logging_mixin.py:149} INFO - Element at index 2, column StratificationCategory1: Overall
[2023-07-09T08:51:30.835+0000] {logging_mixin.py:149} INFO - Element at index 2, column Stratification1: Overall
[2023-07-09T08:51:30.835+0000] {logging_mixin.py:149} INFO - Element at index 2, column StratificationCategory2: 
[2023-07-09T08:51:30.836+0000] {logging_mixin.py:149} INFO - Element at index 2, column Stratification2: 
[2023-07-09T08:51:30.837+0000] {logging_mixin.py:149} INFO - Element at index 2, column StratificationCategory3: 
[2023-07-09T08:51:30.837+0000] {logging_mixin.py:149} INFO - Element at index 2, column Stratification3: 
[2023-07-09T08:51:30.838+0000] {logging_mixin.py:149} INFO - Element at index 2, column GeoLocation: POINT (-77.036871 38.907192)
[2023-07-09T08:51:30.839+0000] {logging_mixin.py:149} INFO - Element at index 2, column ResponseID: 
[2023-07-09T08:51:30.840+0000] {logging_mixin.py:149} INFO - Element at index 2, column LocationID: 11
[2023-07-09T08:51:30.840+0000] {logging_mixin.py:149} INFO - Element at index 2, column TopicID: AST
[2023-07-09T08:51:30.841+0000] {logging_mixin.py:149} INFO - Element at index 2, column QuestionID: AST3_1
[2023-07-09T08:51:30.842+0000] {logging_mixin.py:149} INFO - Element at index 2, column DataValueTypeID: NMBR
[2023-07-09T08:51:30.842+0000] {logging_mixin.py:149} INFO - Element at index 2, column StratificationCategoryID1: OVERALL
[2023-07-09T08:51:30.843+0000] {logging_mixin.py:149} INFO - Element at index 2, column StratificationID1: OVR
[2023-07-09T08:51:30.844+0000] {logging_mixin.py:149} INFO - Element at index 2, column StratificationCategoryID2: 
[2023-07-09T08:51:30.845+0000] {logging_mixin.py:149} INFO - Element at index 2, column StratificationID2: 
[2023-07-09T08:51:30.846+0000] {logging_mixin.py:149} INFO - Element at index 2, column StratificationCategoryID3: 
[2023-07-09T08:51:30.846+0000] {logging_mixin.py:149} INFO - Element at index 2, column StratificationID3: 
[2023-07-09T08:51:30.847+0000] {logging_mixin.py:149} INFO - Element at index 3, column YearStart: 2017
[2023-07-09T08:51:30.848+0000] {logging_mixin.py:149} INFO - Element at index 3, column YearEnd: 2017
[2023-07-09T08:51:30.849+0000] {logging_mixin.py:149} INFO - Element at index 3, column LocationAbbr: GA
[2023-07-09T08:51:30.849+0000] {logging_mixin.py:149} INFO - Element at index 3, column LocationDesc: Georgia
[2023-07-09T08:51:30.850+0000] {logging_mixin.py:149} INFO - Element at index 3, column DataSource: SEDD; SID
[2023-07-09T08:51:30.851+0000] {logging_mixin.py:149} INFO - Element at index 3, column Topic: Asthma
[2023-07-09T08:51:30.851+0000] {logging_mixin.py:149} INFO - Element at index 3, column Question: Hospitalizations for asthma
[2023-07-09T08:51:30.852+0000] {logging_mixin.py:149} INFO - Element at index 3, column Response: 
[2023-07-09T08:51:30.853+0000] {logging_mixin.py:149} INFO - Element at index 3, column DataValueUnit: 
[2023-07-09T08:51:30.854+0000] {logging_mixin.py:149} INFO - Element at index 3, column DataValueType: Number
[2023-07-09T08:51:30.854+0000] {logging_mixin.py:149} INFO - Element at index 3, column DataValue: 3520.0
[2023-07-09T08:51:30.855+0000] {logging_mixin.py:149} INFO - Element at index 3, column DataValueAlt: 3520.0
[2023-07-09T08:51:30.856+0000] {logging_mixin.py:149} INFO - Element at index 3, column DataValueFootnoteSymbol: 
[2023-07-09T08:51:30.856+0000] {logging_mixin.py:149} INFO - Element at index 3, column DatavalueFootnote: 
[2023-07-09T08:51:30.857+0000] {logging_mixin.py:149} INFO - Element at index 3, column LowConfidenceLimit: 
[2023-07-09T08:51:30.858+0000] {logging_mixin.py:149} INFO - Element at index 3, column HighConfidenceLimit: 
[2023-07-09T08:51:30.859+0000] {logging_mixin.py:149} INFO - Element at index 3, column StratificationCategory1: Gender
[2023-07-09T08:51:30.860+0000] {logging_mixin.py:149} INFO - Element at index 3, column Stratification1: Fem***
[2023-07-09T08:51:30.861+0000] {logging_mixin.py:149} INFO - Element at index 3, column StratificationCategory2: 
[2023-07-09T08:51:30.863+0000] {logging_mixin.py:149} INFO - Element at index 3, column Stratification2: 
[2023-07-09T08:51:30.864+0000] {logging_mixin.py:149} INFO - Element at index 3, column StratificationCategory3: 
[2023-07-09T08:51:30.865+0000] {logging_mixin.py:149} INFO - Element at index 3, column Stratification3: 
[2023-07-09T08:51:30.865+0000] {logging_mixin.py:149} INFO - Element at index 3, column GeoLocation: POINT (-83.62758034599966 32.83968109300048)
[2023-07-09T08:51:30.866+0000] {logging_mixin.py:149} INFO - Element at index 3, column ResponseID: 
[2023-07-09T08:51:30.867+0000] {logging_mixin.py:149} INFO - Element at index 3, column LocationID: 13
[2023-07-09T08:51:30.868+0000] {logging_mixin.py:149} INFO - Element at index 3, column TopicID: AST
[2023-07-09T08:51:30.869+0000] {logging_mixin.py:149} INFO - Element at index 3, column QuestionID: AST3_1
[2023-07-09T08:51:30.869+0000] {logging_mixin.py:149} INFO - Element at index 3, column DataValueTypeID: NMBR
[2023-07-09T08:51:30.870+0000] {logging_mixin.py:149} INFO - Element at index 3, column StratificationCategoryID1: GENDER
[2023-07-09T08:51:30.871+0000] {logging_mixin.py:149} INFO - Element at index 3, column StratificationID1: GENF
[2023-07-09T08:51:30.872+0000] {logging_mixin.py:149} INFO - Element at index 3, column StratificationCategoryID2: 
[2023-07-09T08:51:30.873+0000] {logging_mixin.py:149} INFO - Element at index 3, column StratificationID2: 
[2023-07-09T08:51:30.873+0000] {logging_mixin.py:149} INFO - Element at index 3, column StratificationCategoryID3: 
[2023-07-09T08:51:30.874+0000] {logging_mixin.py:149} INFO - Element at index 3, column StratificationID3: 
[2023-07-09T08:51:30.875+0000] {logging_mixin.py:149} INFO - Element at index 4, column YearStart: 2010
[2023-07-09T08:51:30.876+0000] {logging_mixin.py:149} INFO - Element at index 4, column YearEnd: 2010
[2023-07-09T08:51:30.877+0000] {logging_mixin.py:149} INFO - Element at index 4, column LocationAbbr: MI
[2023-07-09T08:51:30.878+0000] {logging_mixin.py:149} INFO - Element at index 4, column LocationDesc: Michigan
[2023-07-09T08:51:30.878+0000] {logging_mixin.py:149} INFO - Element at index 4, column DataSource: SEDD; SID
[2023-07-09T08:51:30.879+0000] {logging_mixin.py:149} INFO - Element at index 4, column Topic: Asthma
[2023-07-09T08:51:30.880+0000] {logging_mixin.py:149} INFO - Element at index 4, column Question: Hospitalizations for asthma
[2023-07-09T08:51:30.881+0000] {logging_mixin.py:149} INFO - Element at index 4, column Response: 
[2023-07-09T08:51:30.882+0000] {logging_mixin.py:149} INFO - Element at index 4, column DataValueUnit: 
[2023-07-09T08:51:30.883+0000] {logging_mixin.py:149} INFO - Element at index 4, column DataValueType: Number
[2023-07-09T08:51:30.883+0000] {logging_mixin.py:149} INFO - Element at index 4, column DataValue: 123.0
[2023-07-09T08:51:30.884+0000] {logging_mixin.py:149} INFO - Element at index 4, column DataValueAlt: 123.0
[2023-07-09T08:51:30.885+0000] {logging_mixin.py:149} INFO - Element at index 4, column DataValueFootnoteSymbol: 
[2023-07-09T08:51:30.886+0000] {logging_mixin.py:149} INFO - Element at index 4, column DatavalueFootnote: 
[2023-07-09T08:51:30.886+0000] {logging_mixin.py:149} INFO - Element at index 4, column LowConfidenceLimit: 
[2023-07-09T08:51:30.887+0000] {logging_mixin.py:149} INFO - Element at index 4, column HighConfidenceLimit: 
[2023-07-09T08:51:30.888+0000] {logging_mixin.py:149} INFO - Element at index 4, column StratificationCategory1: Race/Ethnicity
[2023-07-09T08:51:30.889+0000] {logging_mixin.py:149} INFO - Element at index 4, column Stratification1: Hispanic
[2023-07-09T08:51:30.890+0000] {logging_mixin.py:149} INFO - Element at index 4, column StratificationCategory2: 
[2023-07-09T08:51:30.891+0000] {logging_mixin.py:149} INFO - Element at index 4, column Stratification2: 
[2023-07-09T08:51:30.892+0000] {logging_mixin.py:149} INFO - Element at index 4, column StratificationCategory3: 
[2023-07-09T08:51:30.893+0000] {logging_mixin.py:149} INFO - Element at index 4, column Stratification3: 
[2023-07-09T08:51:30.893+0000] {logging_mixin.py:149} INFO - Element at index 4, column GeoLocation: POINT (-84.71439026999968 44.6613195430005)
[2023-07-09T08:51:30.894+0000] {logging_mixin.py:149} INFO - Element at index 4, column ResponseID: 
[2023-07-09T08:51:30.895+0000] {logging_mixin.py:149} INFO - Element at index 4, column LocationID: 26
[2023-07-09T08:51:30.896+0000] {logging_mixin.py:149} INFO - Element at index 4, column TopicID: AST
[2023-07-09T08:51:30.897+0000] {logging_mixin.py:149} INFO - Element at index 4, column QuestionID: AST3_1
[2023-07-09T08:51:30.897+0000] {logging_mixin.py:149} INFO - Element at index 4, column DataValueTypeID: NMBR
[2023-07-09T08:51:30.898+0000] {logging_mixin.py:149} INFO - Element at index 4, column StratificationCategoryID1: RACE
[2023-07-09T08:51:30.899+0000] {logging_mixin.py:149} INFO - Element at index 4, column StratificationID1: HIS
[2023-07-09T08:51:30.900+0000] {logging_mixin.py:149} INFO - Element at index 4, column StratificationCategoryID2: 
[2023-07-09T08:51:30.901+0000] {logging_mixin.py:149} INFO - Element at index 4, column StratificationID2: 
[2023-07-09T08:51:30.902+0000] {logging_mixin.py:149} INFO - Element at index 4, column StratificationCategoryID3: 
[2023-07-09T08:51:30.903+0000] {logging_mixin.py:149} INFO - Element at index 4, column StratificationID3: 
[2023-07-09T08:51:30.904+0000] {logging_mixin.py:149} INFO - Element at index 5, column YearStart: 2015
[2023-07-09T08:51:30.905+0000] {logging_mixin.py:149} INFO - Element at index 5, column YearEnd: 2015
[2023-07-09T08:51:30.906+0000] {logging_mixin.py:149} INFO - Element at index 5, column LocationAbbr: MT
[2023-07-09T08:51:30.907+0000] {logging_mixin.py:149} INFO - Element at index 5, column LocationDesc: Montana
[2023-07-09T08:51:30.908+0000] {logging_mixin.py:149} INFO - Element at index 5, column DataSource: SEDD; SID
[2023-07-09T08:51:30.908+0000] {logging_mixin.py:149} INFO - Element at index 5, column Topic: Asthma
[2023-07-09T08:51:30.909+0000] {logging_mixin.py:149} INFO - Element at index 5, column Question: Hospitalizations for asthma
[2023-07-09T08:51:30.910+0000] {logging_mixin.py:149} INFO - Element at index 5, column Response: 
[2023-07-09T08:51:30.911+0000] {logging_mixin.py:149} INFO - Element at index 5, column DataValueUnit: 
[2023-07-09T08:51:30.912+0000] {logging_mixin.py:149} INFO - Element at index 5, column DataValueType: Number
[2023-07-09T08:51:30.912+0000] {logging_mixin.py:149} INFO - Element at index 5, column DataValue: nan
[2023-07-09T08:51:30.913+0000] {logging_mixin.py:149} INFO - Element at index 5, column DataValueAlt: nan
[2023-07-09T08:51:30.914+0000] {logging_mixin.py:149} INFO - Element at index 5, column DataValueFootnoteSymbol: -
[2023-07-09T08:51:30.915+0000] {logging_mixin.py:149} INFO - Element at index 5, column DatavalueFootnote: No data available
[2023-07-09T08:51:30.916+0000] {logging_mixin.py:149} INFO - Element at index 5, column LowConfidenceLimit: 
[2023-07-09T08:51:30.917+0000] {logging_mixin.py:149} INFO - Element at index 5, column HighConfidenceLimit: 
[2023-07-09T08:51:30.917+0000] {logging_mixin.py:149} INFO - Element at index 5, column StratificationCategory1: Race/Ethnicity
[2023-07-09T08:51:30.918+0000] {logging_mixin.py:149} INFO - Element at index 5, column Stratification1: Hispanic
[2023-07-09T08:51:30.919+0000] {logging_mixin.py:149} INFO - Element at index 5, column StratificationCategory2: 
[2023-07-09T08:51:30.919+0000] {logging_mixin.py:149} INFO - Element at index 5, column Stratification2: 
[2023-07-09T08:51:30.920+0000] {logging_mixin.py:149} INFO - Element at index 5, column StratificationCategory3: 
[2023-07-09T08:51:30.920+0000] {logging_mixin.py:149} INFO - Element at index 5, column Stratification3: 
[2023-07-09T08:51:30.921+0000] {logging_mixin.py:149} INFO - Element at index 5, column GeoLocation: POINT (-109.42442064499971 47.06652897200047)
[2023-07-09T08:51:30.922+0000] {logging_mixin.py:149} INFO - Element at index 5, column ResponseID: 
[2023-07-09T08:51:30.923+0000] {logging_mixin.py:149} INFO - Element at index 5, column LocationID: 30
[2023-07-09T08:51:30.924+0000] {logging_mixin.py:149} INFO - Element at index 5, column TopicID: AST
[2023-07-09T08:51:30.925+0000] {logging_mixin.py:149} INFO - Element at index 5, column QuestionID: AST3_1
[2023-07-09T08:51:30.925+0000] {logging_mixin.py:149} INFO - Element at index 5, column DataValueTypeID: NMBR
[2023-07-09T08:51:30.926+0000] {logging_mixin.py:149} INFO - Element at index 5, column StratificationCategoryID1: RACE
[2023-07-09T08:51:30.927+0000] {logging_mixin.py:149} INFO - Element at index 5, column StratificationID1: HIS
[2023-07-09T08:51:30.928+0000] {logging_mixin.py:149} INFO - Element at index 5, column StratificationCategoryID2: 
[2023-07-09T08:51:30.928+0000] {logging_mixin.py:149} INFO - Element at index 5, column StratificationID2: 
[2023-07-09T08:51:30.929+0000] {logging_mixin.py:149} INFO - Element at index 5, column StratificationCategoryID3: 
[2023-07-09T08:51:30.930+0000] {logging_mixin.py:149} INFO - Element at index 5, column StratificationID3: 
[2023-07-09T08:51:30.931+0000] {logging_mixin.py:149} INFO - Element at index 6, column YearStart: 2013
[2023-07-09T08:51:30.932+0000] {logging_mixin.py:149} INFO - Element at index 6, column YearEnd: 2013
[2023-07-09T08:51:30.933+0000] {logging_mixin.py:149} INFO - Element at index 6, column LocationAbbr: OR
[2023-07-09T08:51:30.933+0000] {logging_mixin.py:149} INFO - Element at index 6, column LocationDesc: Oregon
[2023-07-09T08:51:30.934+0000] {logging_mixin.py:149} INFO - Element at index 6, column DataSource: SEDD; SID
[2023-07-09T08:51:30.935+0000] {logging_mixin.py:149} INFO - Element at index 6, column Topic: Asthma
[2023-07-09T08:51:30.935+0000] {logging_mixin.py:149} INFO - Element at index 6, column Question: Hospitalizations for asthma
[2023-07-09T08:51:30.936+0000] {logging_mixin.py:149} INFO - Element at index 6, column Response: 
[2023-07-09T08:51:30.937+0000] {logging_mixin.py:149} INFO - Element at index 6, column DataValueUnit: 
[2023-07-09T08:51:30.938+0000] {logging_mixin.py:149} INFO - Element at index 6, column DataValueType: Number
[2023-07-09T08:51:30.938+0000] {logging_mixin.py:149} INFO - Element at index 6, column DataValue: 760.0
[2023-07-09T08:51:30.939+0000] {logging_mixin.py:149} INFO - Element at index 6, column DataValueAlt: 760.0
[2023-07-09T08:51:30.940+0000] {logging_mixin.py:149} INFO - Element at index 6, column DataValueFootnoteSymbol: 
[2023-07-09T08:51:30.941+0000] {logging_mixin.py:149} INFO - Element at index 6, column DatavalueFootnote: 
[2023-07-09T08:51:30.942+0000] {logging_mixin.py:149} INFO - Element at index 6, column LowConfidenceLimit: 
[2023-07-09T08:51:30.942+0000] {logging_mixin.py:149} INFO - Element at index 6, column HighConfidenceLimit: 
[2023-07-09T08:51:30.943+0000] {logging_mixin.py:149} INFO - Element at index 6, column StratificationCategory1: Gender
[2023-07-09T08:51:30.944+0000] {logging_mixin.py:149} INFO - Element at index 6, column Stratification1: M***
[2023-07-09T08:51:30.945+0000] {logging_mixin.py:149} INFO - Element at index 6, column StratificationCategory2: 
[2023-07-09T08:51:30.945+0000] {logging_mixin.py:149} INFO - Element at index 6, column Stratification2: 
[2023-07-09T08:51:30.946+0000] {logging_mixin.py:149} INFO - Element at index 6, column StratificationCategory3: 
[2023-07-09T08:51:30.947+0000] {logging_mixin.py:149} INFO - Element at index 6, column Stratification3: 
[2023-07-09T08:51:30.948+0000] {logging_mixin.py:149} INFO - Element at index 6, column GeoLocation: POINT (-120.15503132599969 44.56744942400047)
[2023-07-09T08:51:30.948+0000] {logging_mixin.py:149} INFO - Element at index 6, column ResponseID: 
[2023-07-09T08:51:30.949+0000] {logging_mixin.py:149} INFO - Element at index 6, column LocationID: 41
[2023-07-09T08:51:30.949+0000] {logging_mixin.py:149} INFO - Element at index 6, column TopicID: AST
[2023-07-09T08:51:30.950+0000] {logging_mixin.py:149} INFO - Element at index 6, column QuestionID: AST3_1
[2023-07-09T08:51:30.951+0000] {logging_mixin.py:149} INFO - Element at index 6, column DataValueTypeID: NMBR
[2023-07-09T08:51:30.952+0000] {logging_mixin.py:149} INFO - Element at index 6, column StratificationCategoryID1: GENDER
[2023-07-09T08:51:30.953+0000] {logging_mixin.py:149} INFO - Element at index 6, column StratificationID1: GENM
[2023-07-09T08:51:30.953+0000] {logging_mixin.py:149} INFO - Element at index 6, column StratificationCategoryID2: 
[2023-07-09T08:51:30.954+0000] {logging_mixin.py:149} INFO - Element at index 6, column StratificationID2: 
[2023-07-09T08:51:30.955+0000] {logging_mixin.py:149} INFO - Element at index 6, column StratificationCategoryID3: 
[2023-07-09T08:51:30.956+0000] {logging_mixin.py:149} INFO - Element at index 6, column StratificationID3: 
[2023-07-09T08:51:30.957+0000] {logging_mixin.py:149} INFO - Element at index 7, column YearStart: 2013
[2023-07-09T08:51:30.958+0000] {logging_mixin.py:149} INFO - Element at index 7, column YearEnd: 2013
[2023-07-09T08:51:30.959+0000] {logging_mixin.py:149} INFO - Element at index 7, column LocationAbbr: PR
[2023-07-09T08:51:30.960+0000] {logging_mixin.py:149} INFO - Element at index 7, column LocationDesc: Puerto Rico
[2023-07-09T08:51:30.961+0000] {logging_mixin.py:149} INFO - Element at index 7, column DataSource: SEDD; SID
[2023-07-09T08:51:30.961+0000] {logging_mixin.py:149} INFO - Element at index 7, column Topic: Asthma
[2023-07-09T08:51:30.963+0000] {logging_mixin.py:149} INFO - Element at index 7, column Question: Hospitalizations for asthma
[2023-07-09T08:51:30.963+0000] {logging_mixin.py:149} INFO - Element at index 7, column Response: 
[2023-07-09T08:51:30.965+0000] {logging_mixin.py:149} INFO - Element at index 7, column DataValueUnit: 
[2023-07-09T08:51:30.966+0000] {logging_mixin.py:149} INFO - Element at index 7, column DataValueType: Number
[2023-07-09T08:51:30.967+0000] {logging_mixin.py:149} INFO - Element at index 7, column DataValue: nan
[2023-07-09T08:51:30.967+0000] {logging_mixin.py:149} INFO - Element at index 7, column DataValueAlt: nan
[2023-07-09T08:51:30.968+0000] {logging_mixin.py:149} INFO - Element at index 7, column DataValueFootnoteSymbol: -
[2023-07-09T08:51:30.969+0000] {logging_mixin.py:149} INFO - Element at index 7, column DatavalueFootnote: No data available
[2023-07-09T08:51:30.971+0000] {logging_mixin.py:149} INFO - Element at index 7, column LowConfidenceLimit: 
[2023-07-09T08:51:30.972+0000] {logging_mixin.py:149} INFO - Element at index 7, column HighConfidenceLimit: 
[2023-07-09T08:51:30.973+0000] {logging_mixin.py:149} INFO - Element at index 7, column StratificationCategory1: Overall
[2023-07-09T08:51:30.974+0000] {logging_mixin.py:149} INFO - Element at index 7, column Stratification1: Overall
[2023-07-09T08:51:30.975+0000] {logging_mixin.py:149} INFO - Element at index 7, column StratificationCategory2: 
[2023-07-09T08:51:30.976+0000] {logging_mixin.py:149} INFO - Element at index 7, column Stratification2: 
[2023-07-09T08:51:30.977+0000] {logging_mixin.py:149} INFO - Element at index 7, column StratificationCategory3: 
[2023-07-09T08:51:30.979+0000] {logging_mixin.py:149} INFO - Element at index 7, column Stratification3: 
[2023-07-09T08:51:30.980+0000] {logging_mixin.py:149} INFO - Element at index 7, column GeoLocation: POINT (-66.590149 18.220833)
[2023-07-09T08:51:30.981+0000] {logging_mixin.py:149} INFO - Element at index 7, column ResponseID: 
[2023-07-09T08:51:30.982+0000] {logging_mixin.py:149} INFO - Element at index 7, column LocationID: 72
[2023-07-09T08:51:30.983+0000] {logging_mixin.py:149} INFO - Element at index 7, column TopicID: AST
[2023-07-09T08:51:30.984+0000] {logging_mixin.py:149} INFO - Element at index 7, column QuestionID: AST3_1
[2023-07-09T08:51:30.984+0000] {logging_mixin.py:149} INFO - Element at index 7, column DataValueTypeID: NMBR
[2023-07-09T08:51:30.986+0000] {logging_mixin.py:149} INFO - Element at index 7, column StratificationCategoryID1: OVERALL
[2023-07-09T08:51:30.987+0000] {logging_mixin.py:149} INFO - Element at index 7, column StratificationID1: OVR
[2023-07-09T08:51:30.988+0000] {logging_mixin.py:149} INFO - Element at index 7, column StratificationCategoryID2: 
[2023-07-09T08:51:30.988+0000] {logging_mixin.py:149} INFO - Element at index 7, column StratificationID2: 
[2023-07-09T08:51:30.989+0000] {logging_mixin.py:149} INFO - Element at index 7, column StratificationCategoryID3: 
[2023-07-09T08:51:30.990+0000] {logging_mixin.py:149} INFO - Element at index 7, column StratificationID3: 
[2023-07-09T08:51:30.991+0000] {logging_mixin.py:149} INFO - Element at index 8, column YearStart: 2017
[2023-07-09T08:51:30.991+0000] {logging_mixin.py:149} INFO - Element at index 8, column YearEnd: 2017
[2023-07-09T08:51:30.992+0000] {logging_mixin.py:149} INFO - Element at index 8, column LocationAbbr: PR
[2023-07-09T08:51:30.993+0000] {logging_mixin.py:149} INFO - Element at index 8, column LocationDesc: Puerto Rico
[2023-07-09T08:51:30.994+0000] {logging_mixin.py:149} INFO - Element at index 8, column DataSource: SEDD; SID
[2023-07-09T08:51:30.995+0000] {logging_mixin.py:149} INFO - Element at index 8, column Topic: Asthma
[2023-07-09T08:51:30.995+0000] {logging_mixin.py:149} INFO - Element at index 8, column Question: Hospitalizations for asthma
[2023-07-09T08:51:30.996+0000] {logging_mixin.py:149} INFO - Element at index 8, column Response: 
[2023-07-09T08:51:30.997+0000] {logging_mixin.py:149} INFO - Element at index 8, column DataValueUnit: 
[2023-07-09T08:51:30.997+0000] {logging_mixin.py:149} INFO - Element at index 8, column DataValueType: Number
[2023-07-09T08:51:30.998+0000] {logging_mixin.py:149} INFO - Element at index 8, column DataValue: nan
[2023-07-09T08:51:30.999+0000] {logging_mixin.py:149} INFO - Element at index 8, column DataValueAlt: nan
[2023-07-09T08:51:30.999+0000] {logging_mixin.py:149} INFO - Element at index 8, column DataValueFootnoteSymbol: -
[2023-07-09T08:51:31.000+0000] {logging_mixin.py:149} INFO - Element at index 8, column DatavalueFootnote: No data available
[2023-07-09T08:51:31.001+0000] {logging_mixin.py:149} INFO - Element at index 8, column LowConfidenceLimit: 
[2023-07-09T08:51:31.002+0000] {logging_mixin.py:149} INFO - Element at index 8, column HighConfidenceLimit: 
[2023-07-09T08:51:31.002+0000] {logging_mixin.py:149} INFO - Element at index 8, column StratificationCategory1: Overall
[2023-07-09T08:51:31.003+0000] {logging_mixin.py:149} INFO - Element at index 8, column Stratification1: Overall
[2023-07-09T08:51:31.004+0000] {logging_mixin.py:149} INFO - Element at index 8, column StratificationCategory2: 
[2023-07-09T08:51:31.005+0000] {logging_mixin.py:149} INFO - Element at index 8, column Stratification2: 
[2023-07-09T08:51:31.006+0000] {logging_mixin.py:149} INFO - Element at index 8, column StratificationCategory3: 
[2023-07-09T08:51:31.007+0000] {logging_mixin.py:149} INFO - Element at index 8, column Stratification3: 
[2023-07-09T08:51:31.008+0000] {logging_mixin.py:149} INFO - Element at index 8, column GeoLocation: POINT (-66.590149 18.220833)
[2023-07-09T08:51:31.009+0000] {logging_mixin.py:149} INFO - Element at index 8, column ResponseID: 
[2023-07-09T08:51:31.009+0000] {logging_mixin.py:149} INFO - Element at index 8, column LocationID: 72
[2023-07-09T08:51:31.010+0000] {logging_mixin.py:149} INFO - Element at index 8, column TopicID: AST
[2023-07-09T08:51:31.011+0000] {logging_mixin.py:149} INFO - Element at index 8, column QuestionID: AST3_1
[2023-07-09T08:51:31.012+0000] {logging_mixin.py:149} INFO - Element at index 8, column DataValueTypeID: NMBR
[2023-07-09T08:51:31.013+0000] {logging_mixin.py:149} INFO - Element at index 8, column StratificationCategoryID1: OVERALL
[2023-07-09T08:51:31.014+0000] {logging_mixin.py:149} INFO - Element at index 8, column StratificationID1: OVR
[2023-07-09T08:51:31.014+0000] {logging_mixin.py:149} INFO - Element at index 8, column StratificationCategoryID2: 
[2023-07-09T08:51:31.015+0000] {logging_mixin.py:149} INFO - Element at index 8, column StratificationID2: 
[2023-07-09T08:51:31.016+0000] {logging_mixin.py:149} INFO - Element at index 8, column StratificationCategoryID3: 
[2023-07-09T08:51:31.017+0000] {logging_mixin.py:149} INFO - Element at index 8, column StratificationID3: 
[2023-07-09T08:51:31.018+0000] {logging_mixin.py:149} INFO - Element at index 9, column YearStart: 2010
[2023-07-09T08:51:31.019+0000] {logging_mixin.py:149} INFO - Element at index 9, column YearEnd: 2010
[2023-07-09T08:51:31.020+0000] {logging_mixin.py:149} INFO - Element at index 9, column LocationAbbr: WI
[2023-07-09T08:51:31.021+0000] {logging_mixin.py:149} INFO - Element at index 9, column LocationDesc: Wisconsin
[2023-07-09T08:51:31.022+0000] {logging_mixin.py:149} INFO - Element at index 9, column DataSource: SEDD; SID
[2023-07-09T08:51:31.022+0000] {logging_mixin.py:149} INFO - Element at index 9, column Topic: Asthma
[2023-07-09T08:51:31.023+0000] {logging_mixin.py:149} INFO - Element at index 9, column Question: Hospitalizations for asthma
[2023-07-09T08:51:31.024+0000] {logging_mixin.py:149} INFO - Element at index 9, column Response: 
[2023-07-09T08:51:31.025+0000] {logging_mixin.py:149} INFO - Element at index 9, column DataValueUnit: 
[2023-07-09T08:51:31.026+0000] {logging_mixin.py:149} INFO - Element at index 9, column DataValueType: Number
[2023-07-09T08:51:31.027+0000] {logging_mixin.py:149} INFO - Element at index 9, column DataValue: 1967.0
[2023-07-09T08:51:31.028+0000] {logging_mixin.py:149} INFO - Element at index 9, column DataValueAlt: 1967.0
[2023-07-09T08:51:31.029+0000] {logging_mixin.py:149} INFO - Element at index 9, column DataValueFootnoteSymbol: 
[2023-07-09T08:51:31.029+0000] {logging_mixin.py:149} INFO - Element at index 9, column DatavalueFootnote: 
[2023-07-09T08:51:31.030+0000] {logging_mixin.py:149} INFO - Element at index 9, column LowConfidenceLimit: 
[2023-07-09T08:51:31.031+0000] {logging_mixin.py:149} INFO - Element at index 9, column HighConfidenceLimit: 
[2023-07-09T08:51:31.032+0000] {logging_mixin.py:149} INFO - Element at index 9, column StratificationCategory1: Gender
[2023-07-09T08:51:31.033+0000] {logging_mixin.py:149} INFO - Element at index 9, column Stratification1: M***
[2023-07-09T08:51:31.034+0000] {logging_mixin.py:149} INFO - Element at index 9, column StratificationCategory2: 
[2023-07-09T08:51:31.035+0000] {logging_mixin.py:149} INFO - Element at index 9, column Stratification2: 
[2023-07-09T08:51:31.035+0000] {logging_mixin.py:149} INFO - Element at index 9, column StratificationCategory3: 
[2023-07-09T08:51:31.036+0000] {logging_mixin.py:149} INFO - Element at index 9, column Stratification3: 
[2023-07-09T08:51:31.037+0000] {logging_mixin.py:149} INFO - Element at index 9, column GeoLocation: POINT (-89.81637074199966 44.39319117400049)
[2023-07-09T08:51:31.038+0000] {logging_mixin.py:149} INFO - Element at index 9, column ResponseID: 
[2023-07-09T08:51:31.038+0000] {logging_mixin.py:149} INFO - Element at index 9, column LocationID: 55
[2023-07-09T08:51:31.039+0000] {logging_mixin.py:149} INFO - Element at index 9, column TopicID: AST
[2023-07-09T08:51:31.040+0000] {logging_mixin.py:149} INFO - Element at index 9, column QuestionID: AST3_1
[2023-07-09T08:51:31.041+0000] {logging_mixin.py:149} INFO - Element at index 9, column DataValueTypeID: NMBR
[2023-07-09T08:51:31.042+0000] {logging_mixin.py:149} INFO - Element at index 9, column StratificationCategoryID1: GENDER
[2023-07-09T08:51:31.043+0000] {logging_mixin.py:149} INFO - Element at index 9, column StratificationID1: GENM
[2023-07-09T08:51:31.044+0000] {logging_mixin.py:149} INFO - Element at index 9, column StratificationCategoryID2: 
[2023-07-09T08:51:31.044+0000] {logging_mixin.py:149} INFO - Element at index 9, column StratificationID2: 
[2023-07-09T08:51:31.046+0000] {logging_mixin.py:149} INFO - Element at index 9, column StratificationCategoryID3: 
[2023-07-09T08:51:31.047+0000] {logging_mixin.py:149} INFO - Element at index 9, column StratificationID3: 
[2023-07-09T08:51:31.048+0000] {logging_mixin.py:149} INFO - Element at index 10, column YearStart: 2016
[2023-07-09T08:51:31.049+0000] {logging_mixin.py:149} INFO - Element at index 10, column YearEnd: 2016
[2023-07-09T08:51:31.049+0000] {logging_mixin.py:149} INFO - Element at index 10, column LocationAbbr: WI
[2023-07-09T08:51:31.050+0000] {logging_mixin.py:149} INFO - Element at index 10, column LocationDesc: Wisconsin
[2023-07-09T08:51:31.051+0000] {logging_mixin.py:149} INFO - Element at index 10, column DataSource: SEDD; SID
[2023-07-09T08:51:31.052+0000] {logging_mixin.py:149} INFO - Element at index 10, column Topic: Asthma
[2023-07-09T08:51:31.053+0000] {logging_mixin.py:149} INFO - Element at index 10, column Question: Hospitalizations for asthma
[2023-07-09T08:51:31.053+0000] {logging_mixin.py:149} INFO - Element at index 10, column Response: 
[2023-07-09T08:51:31.055+0000] {logging_mixin.py:149} INFO - Element at index 10, column DataValueUnit: 
[2023-07-09T08:51:31.055+0000] {logging_mixin.py:149} INFO - Element at index 10, column DataValueType: Number
[2023-07-09T08:51:31.056+0000] {logging_mixin.py:149} INFO - Element at index 10, column DataValue: 110.0
[2023-07-09T08:51:31.057+0000] {logging_mixin.py:149} INFO - Element at index 10, column DataValueAlt: 110.0
[2023-07-09T08:51:31.057+0000] {logging_mixin.py:149} INFO - Element at index 10, column DataValueFootnoteSymbol: 
[2023-07-09T08:51:31.058+0000] {logging_mixin.py:149} INFO - Element at index 10, column DatavalueFootnote: 
[2023-07-09T08:51:31.059+0000] {logging_mixin.py:149} INFO - Element at index 10, column LowConfidenceLimit: 
[2023-07-09T08:51:31.060+0000] {logging_mixin.py:149} INFO - Element at index 10, column HighConfidenceLimit: 
[2023-07-09T08:51:31.060+0000] {logging_mixin.py:149} INFO - Element at index 10, column StratificationCategory1: Race/Ethnicity
[2023-07-09T08:51:31.062+0000] {logging_mixin.py:149} INFO - Element at index 10, column Stratification1: Hispanic
[2023-07-09T08:51:31.062+0000] {logging_mixin.py:149} INFO - Element at index 10, column StratificationCategory2: 
[2023-07-09T08:51:31.063+0000] {logging_mixin.py:149} INFO - Element at index 10, column Stratification2: 
[2023-07-09T08:51:31.064+0000] {logging_mixin.py:149} INFO - Element at index 10, column StratificationCategory3: 
[2023-07-09T08:51:31.065+0000] {logging_mixin.py:149} INFO - Element at index 10, column Stratification3: 
[2023-07-09T08:51:31.065+0000] {logging_mixin.py:149} INFO - Element at index 10, column GeoLocation: POINT (-89.81637074199966 44.39319117400049)
[2023-07-09T08:51:31.066+0000] {logging_mixin.py:149} INFO - Element at index 10, column ResponseID: 
[2023-07-09T08:51:31.067+0000] {logging_mixin.py:149} INFO - Element at index 10, column LocationID: 55
[2023-07-09T08:51:31.067+0000] {logging_mixin.py:149} INFO - Element at index 10, column TopicID: AST
[2023-07-09T08:51:31.068+0000] {logging_mixin.py:149} INFO - Element at index 10, column QuestionID: AST3_1
[2023-07-09T08:51:31.069+0000] {logging_mixin.py:149} INFO - Element at index 10, column DataValueTypeID: NMBR
[2023-07-09T08:51:31.070+0000] {logging_mixin.py:149} INFO - Element at index 10, column StratificationCategoryID1: RACE
[2023-07-09T08:51:31.070+0000] {logging_mixin.py:149} INFO - Element at index 10, column StratificationID1: HIS
[2023-07-09T08:51:31.071+0000] {logging_mixin.py:149} INFO - Element at index 10, column StratificationCategoryID2: 
[2023-07-09T08:51:31.072+0000] {logging_mixin.py:149} INFO - Element at index 10, column StratificationID2: 
[2023-07-09T08:51:31.073+0000] {logging_mixin.py:149} INFO - Element at index 10, column StratificationCategoryID3: 
[2023-07-09T08:51:31.073+0000] {logging_mixin.py:149} INFO - Element at index 10, column StratificationID3: 
[2023-07-09T08:51:31.074+0000] {logging_mixin.py:149} INFO - Element at index 11, column YearStart: 2014
[2023-07-09T08:51:31.075+0000] {logging_mixin.py:149} INFO - Element at index 11, column YearEnd: 2014
[2023-07-09T08:51:31.076+0000] {logging_mixin.py:149} INFO - Element at index 11, column LocationAbbr: AL
[2023-07-09T08:51:31.077+0000] {logging_mixin.py:149} INFO - Element at index 11, column LocationDesc: Alabama
[2023-07-09T08:51:31.077+0000] {logging_mixin.py:149} INFO - Element at index 11, column DataSource: NVSS
[2023-07-09T08:51:31.078+0000] {logging_mixin.py:149} INFO - Element at index 11, column Topic: Asthma
[2023-07-09T08:51:31.079+0000] {logging_mixin.py:149} INFO - Element at index 11, column Question: Asthma mortality rate
[2023-07-09T08:51:31.080+0000] {logging_mixin.py:149} INFO - Element at index 11, column Response: 
[2023-07-09T08:51:31.081+0000] {logging_mixin.py:149} INFO - Element at index 11, column DataValueUnit: 
[2023-07-09T08:51:31.081+0000] {logging_mixin.py:149} INFO - Element at index 11, column DataValueType: Number
[2023-07-09T08:51:31.083+0000] {logging_mixin.py:149} INFO - Element at index 11, column DataValue: 22.0
[2023-07-09T08:51:31.083+0000] {logging_mixin.py:149} INFO - Element at index 11, column DataValueAlt: 22.0
[2023-07-09T08:51:31.084+0000] {logging_mixin.py:149} INFO - Element at index 11, column DataValueFootnoteSymbol: 
[2023-07-09T08:51:31.085+0000] {logging_mixin.py:149} INFO - Element at index 11, column DatavalueFootnote: 
[2023-07-09T08:51:31.085+0000] {logging_mixin.py:149} INFO - Element at index 11, column LowConfidenceLimit: 
[2023-07-09T08:51:31.086+0000] {logging_mixin.py:149} INFO - Element at index 11, column HighConfidenceLimit: 
[2023-07-09T08:51:31.087+0000] {logging_mixin.py:149} INFO - Element at index 11, column StratificationCategory1: Gender
[2023-07-09T08:51:31.087+0000] {logging_mixin.py:149} INFO - Element at index 11, column Stratification1: M***
[2023-07-09T08:51:31.088+0000] {logging_mixin.py:149} INFO - Element at index 11, column StratificationCategory2: 
[2023-07-09T08:51:31.089+0000] {logging_mixin.py:149} INFO - Element at index 11, column Stratification2: 
[2023-07-09T08:51:31.090+0000] {logging_mixin.py:149} INFO - Element at index 11, column StratificationCategory3: 
[2023-07-09T08:51:31.091+0000] {logging_mixin.py:149} INFO - Element at index 11, column Stratification3: 
[2023-07-09T08:51:31.091+0000] {logging_mixin.py:149} INFO - Element at index 11, column GeoLocation: POINT (-86.63186076199969 32.84057112200048)
[2023-07-09T08:51:31.092+0000] {logging_mixin.py:149} INFO - Element at index 11, column ResponseID: 
[2023-07-09T08:51:31.093+0000] {logging_mixin.py:149} INFO - Element at index 11, column LocationID: 1
[2023-07-09T08:51:31.093+0000] {logging_mixin.py:149} INFO - Element at index 11, column TopicID: AST
[2023-07-09T08:51:31.094+0000] {logging_mixin.py:149} INFO - Element at index 11, column QuestionID: AST4_1
[2023-07-09T08:51:31.095+0000] {logging_mixin.py:149} INFO - Element at index 11, column DataValueTypeID: NMBR
[2023-07-09T08:51:31.096+0000] {logging_mixin.py:149} INFO - Element at index 11, column StratificationCategoryID1: GENDER
[2023-07-09T08:51:31.097+0000] {logging_mixin.py:149} INFO - Element at index 11, column StratificationID1: GENM
[2023-07-09T08:51:31.097+0000] {logging_mixin.py:149} INFO - Element at index 11, column StratificationCategoryID2: 
[2023-07-09T08:51:31.098+0000] {logging_mixin.py:149} INFO - Element at index 11, column StratificationID2: 
[2023-07-09T08:51:31.099+0000] {logging_mixin.py:149} INFO - Element at index 11, column StratificationCategoryID3: 
[2023-07-09T08:51:31.100+0000] {logging_mixin.py:149} INFO - Element at index 11, column StratificationID3: 
[2023-07-09T08:51:31.101+0000] {logging_mixin.py:149} INFO - Element at index 12, column YearStart: 2015
[2023-07-09T08:51:31.101+0000] {logging_mixin.py:149} INFO - Element at index 12, column YearEnd: 2015
[2023-07-09T08:51:31.102+0000] {logging_mixin.py:149} INFO - Element at index 12, column LocationAbbr: ID
[2023-07-09T08:51:31.103+0000] {logging_mixin.py:149} INFO - Element at index 12, column LocationDesc: Idaho
[2023-07-09T08:51:31.104+0000] {logging_mixin.py:149} INFO - Element at index 12, column DataSource: NVSS
[2023-07-09T08:51:31.105+0000] {logging_mixin.py:149} INFO - Element at index 12, column Topic: Asthma
[2023-07-09T08:51:31.105+0000] {logging_mixin.py:149} INFO - Element at index 12, column Question: Asthma mortality rate
[2023-07-09T08:51:31.106+0000] {logging_mixin.py:149} INFO - Element at index 12, column Response: 
[2023-07-09T08:51:31.107+0000] {logging_mixin.py:149} INFO - Element at index 12, column DataValueUnit: 
[2023-07-09T08:51:31.107+0000] {logging_mixin.py:149} INFO - Element at index 12, column DataValueType: Number
[2023-07-09T08:51:31.108+0000] {logging_mixin.py:149} INFO - Element at index 12, column DataValue: 21.0
[2023-07-09T08:51:31.109+0000] {logging_mixin.py:149} INFO - Element at index 12, column DataValueAlt: 21.0
[2023-07-09T08:51:31.110+0000] {logging_mixin.py:149} INFO - Element at index 12, column DataValueFootnoteSymbol: 
[2023-07-09T08:51:31.111+0000] {logging_mixin.py:149} INFO - Element at index 12, column DatavalueFootnote: 
[2023-07-09T08:51:31.111+0000] {logging_mixin.py:149} INFO - Element at index 12, column LowConfidenceLimit: 
[2023-07-09T08:51:31.112+0000] {logging_mixin.py:149} INFO - Element at index 12, column HighConfidenceLimit: 
[2023-07-09T08:51:31.113+0000] {logging_mixin.py:149} INFO - Element at index 12, column StratificationCategory1: Overall
[2023-07-09T08:51:31.113+0000] {logging_mixin.py:149} INFO - Element at index 12, column Stratification1: Overall
[2023-07-09T08:51:31.114+0000] {logging_mixin.py:149} INFO - Element at index 12, column StratificationCategory2: 
[2023-07-09T08:51:31.115+0000] {logging_mixin.py:149} INFO - Element at index 12, column Stratification2: 
[2023-07-09T08:51:31.116+0000] {logging_mixin.py:149} INFO - Element at index 12, column StratificationCategory3: 
[2023-07-09T08:51:31.117+0000] {logging_mixin.py:149} INFO - Element at index 12, column Stratification3: 
[2023-07-09T08:51:31.117+0000] {logging_mixin.py:149} INFO - Element at index 12, column GeoLocation: POINT (-114.3637300419997 43.682630005000476)
[2023-07-09T08:51:31.118+0000] {logging_mixin.py:149} INFO - Element at index 12, column ResponseID: 
[2023-07-09T08:51:31.119+0000] {logging_mixin.py:149} INFO - Element at index 12, column LocationID: 16
[2023-07-09T08:51:31.120+0000] {logging_mixin.py:149} INFO - Element at index 12, column TopicID: AST
[2023-07-09T08:51:31.120+0000] {logging_mixin.py:149} INFO - Element at index 12, column QuestionID: AST4_1
[2023-07-09T08:51:31.121+0000] {logging_mixin.py:149} INFO - Element at index 12, column DataValueTypeID: NMBR
[2023-07-09T08:51:31.122+0000] {logging_mixin.py:149} INFO - Element at index 12, column StratificationCategoryID1: OVERALL
[2023-07-09T08:51:31.123+0000] {logging_mixin.py:149} INFO - Element at index 12, column StratificationID1: OVR
[2023-07-09T08:51:31.123+0000] {logging_mixin.py:149} INFO - Element at index 12, column StratificationCategoryID2: 
[2023-07-09T08:51:31.125+0000] {logging_mixin.py:149} INFO - Element at index 12, column StratificationID2: 
[2023-07-09T08:51:31.125+0000] {logging_mixin.py:149} INFO - Element at index 12, column StratificationCategoryID3: 
[2023-07-09T08:51:31.126+0000] {logging_mixin.py:149} INFO - Element at index 12, column StratificationID3: 
[2023-07-09T08:51:31.127+0000] {logging_mixin.py:149} INFO - Element at index 13, column YearStart: 2016
[2023-07-09T08:51:31.127+0000] {logging_mixin.py:149} INFO - Element at index 13, column YearEnd: 2016
[2023-07-09T08:51:31.128+0000] {logging_mixin.py:149} INFO - Element at index 13, column LocationAbbr: ID
[2023-07-09T08:51:31.129+0000] {logging_mixin.py:149} INFO - Element at index 13, column LocationDesc: Idaho
[2023-07-09T08:51:31.130+0000] {logging_mixin.py:149} INFO - Element at index 13, column DataSource: NVSS
[2023-07-09T08:51:31.132+0000] {logging_mixin.py:149} INFO - Element at index 13, column Topic: Asthma
[2023-07-09T08:51:31.133+0000] {logging_mixin.py:149} INFO - Element at index 13, column Question: Asthma mortality rate
[2023-07-09T08:51:31.134+0000] {logging_mixin.py:149} INFO - Element at index 13, column Response: 
[2023-07-09T08:51:31.135+0000] {logging_mixin.py:149} INFO - Element at index 13, column DataValueUnit: 
[2023-07-09T08:51:31.136+0000] {logging_mixin.py:149} INFO - Element at index 13, column DataValueType: Number
[2023-07-09T08:51:31.137+0000] {logging_mixin.py:149} INFO - Element at index 13, column DataValue: 21.0
[2023-07-09T08:51:31.138+0000] {logging_mixin.py:149} INFO - Element at index 13, column DataValueAlt: 21.0
[2023-07-09T08:51:31.139+0000] {logging_mixin.py:149} INFO - Element at index 13, column DataValueFootnoteSymbol: 
[2023-07-09T08:51:31.140+0000] {logging_mixin.py:149} INFO - Element at index 13, column DatavalueFootnote: 
[2023-07-09T08:51:31.141+0000] {logging_mixin.py:149} INFO - Element at index 13, column LowConfidenceLimit: 
[2023-07-09T08:51:31.142+0000] {logging_mixin.py:149} INFO - Element at index 13, column HighConfidenceLimit: 
[2023-07-09T08:51:31.142+0000] {logging_mixin.py:149} INFO - Element at index 13, column StratificationCategory1: Overall
[2023-07-09T08:51:31.143+0000] {logging_mixin.py:149} INFO - Element at index 13, column Stratification1: Overall
[2023-07-09T08:51:31.144+0000] {logging_mixin.py:149} INFO - Element at index 13, column StratificationCategory2: 
[2023-07-09T08:51:31.145+0000] {logging_mixin.py:149} INFO - Element at index 13, column Stratification2: 
[2023-07-09T08:51:31.146+0000] {logging_mixin.py:149} INFO - Element at index 13, column StratificationCategory3: 
[2023-07-09T08:51:31.147+0000] {logging_mixin.py:149} INFO - Element at index 13, column Stratification3: 
[2023-07-09T08:51:31.148+0000] {logging_mixin.py:149} INFO - Element at index 13, column GeoLocation: POINT (-114.3637300419997 43.682630005000476)
[2023-07-09T08:51:31.149+0000] {logging_mixin.py:149} INFO - Element at index 13, column ResponseID: 
[2023-07-09T08:51:31.150+0000] {logging_mixin.py:149} INFO - Element at index 13, column LocationID: 16
[2023-07-09T08:51:31.150+0000] {logging_mixin.py:149} INFO - Element at index 13, column TopicID: AST
[2023-07-09T08:51:31.152+0000] {logging_mixin.py:149} INFO - Element at index 13, column QuestionID: AST4_1
[2023-07-09T08:51:31.153+0000] {logging_mixin.py:149} INFO - Element at index 13, column DataValueTypeID: NMBR
[2023-07-09T08:51:31.154+0000] {logging_mixin.py:149} INFO - Element at index 13, column StratificationCategoryID1: OVERALL
[2023-07-09T08:51:31.155+0000] {logging_mixin.py:149} INFO - Element at index 13, column StratificationID1: OVR
[2023-07-09T08:51:31.156+0000] {logging_mixin.py:149} INFO - Element at index 13, column StratificationCategoryID2: 
[2023-07-09T08:51:31.157+0000] {logging_mixin.py:149} INFO - Element at index 13, column StratificationID2: 
[2023-07-09T08:51:31.157+0000] {logging_mixin.py:149} INFO - Element at index 13, column StratificationCategoryID3: 
[2023-07-09T08:51:31.158+0000] {logging_mixin.py:149} INFO - Element at index 13, column StratificationID3: 
[2023-07-09T08:51:31.159+0000] {logging_mixin.py:149} INFO - Element at index 14, column YearStart: 2020
[2023-07-09T08:51:31.160+0000] {logging_mixin.py:149} INFO - Element at index 14, column YearEnd: 2020
[2023-07-09T08:51:31.161+0000] {logging_mixin.py:149} INFO - Element at index 14, column LocationAbbr: IL
[2023-07-09T08:51:31.161+0000] {logging_mixin.py:149} INFO - Element at index 14, column LocationDesc: Illinois
[2023-07-09T08:51:31.162+0000] {logging_mixin.py:149} INFO - Element at index 14, column DataSource: NVSS
[2023-07-09T08:51:31.163+0000] {logging_mixin.py:149} INFO - Element at index 14, column Topic: Asthma
[2023-07-09T08:51:31.164+0000] {logging_mixin.py:149} INFO - Element at index 14, column Question: Asthma mortality rate
[2023-07-09T08:51:31.166+0000] {logging_mixin.py:149} INFO - Element at index 14, column Response: 
[2023-07-09T08:51:31.166+0000] {logging_mixin.py:149} INFO - Element at index 14, column DataValueUnit: Number
[2023-07-09T08:51:31.167+0000] {logging_mixin.py:149} INFO - Element at index 14, column DataValueType: Number
[2023-07-09T08:51:31.168+0000] {logging_mixin.py:149} INFO - Element at index 14, column DataValue: 89.0
[2023-07-09T08:51:31.169+0000] {logging_mixin.py:149} INFO - Element at index 14, column DataValueAlt: 89.0
[2023-07-09T08:51:31.169+0000] {logging_mixin.py:149} INFO - Element at index 14, column DataValueFootnoteSymbol: 
[2023-07-09T08:51:31.170+0000] {logging_mixin.py:149} INFO - Element at index 14, column DatavalueFootnote: 
[2023-07-09T08:51:31.171+0000] {logging_mixin.py:149} INFO - Element at index 14, column LowConfidenceLimit: 
[2023-07-09T08:51:31.171+0000] {logging_mixin.py:149} INFO - Element at index 14, column HighConfidenceLimit: 
[2023-07-09T08:51:31.172+0000] {logging_mixin.py:149} INFO - Element at index 14, column StratificationCategory1: Gender
[2023-07-09T08:51:31.173+0000] {logging_mixin.py:149} INFO - Element at index 14, column Stratification1: M***
[2023-07-09T08:51:31.174+0000] {logging_mixin.py:149} INFO - Element at index 14, column StratificationCategory2: 
[2023-07-09T08:51:31.175+0000] {logging_mixin.py:149} INFO - Element at index 14, column Stratification2: 
[2023-07-09T08:51:31.175+0000] {logging_mixin.py:149} INFO - Element at index 14, column StratificationCategory3: 
[2023-07-09T08:51:31.176+0000] {logging_mixin.py:149} INFO - Element at index 14, column Stratification3: 
[2023-07-09T08:51:31.177+0000] {logging_mixin.py:149} INFO - Element at index 14, column GeoLocation: POINT (-88.99771017799969 40.48501028300046)
[2023-07-09T08:51:31.178+0000] {logging_mixin.py:149} INFO - Element at index 14, column ResponseID: 
[2023-07-09T08:51:31.178+0000] {logging_mixin.py:149} INFO - Element at index 14, column LocationID: 17
[2023-07-09T08:51:31.179+0000] {logging_mixin.py:149} INFO - Element at index 14, column TopicID: AST
[2023-07-09T08:51:31.180+0000] {logging_mixin.py:149} INFO - Element at index 14, column QuestionID: AST4_1
[2023-07-09T08:51:31.181+0000] {logging_mixin.py:149} INFO - Element at index 14, column DataValueTypeID: NMBR
[2023-07-09T08:51:31.182+0000] {logging_mixin.py:149} INFO - Element at index 14, column StratificationCategoryID1: GENDER
[2023-07-09T08:51:31.183+0000] {logging_mixin.py:149} INFO - Element at index 14, column StratificationID1: GENM
[2023-07-09T08:51:31.183+0000] {logging_mixin.py:149} INFO - Element at index 14, column StratificationCategoryID2: 
[2023-07-09T08:51:31.184+0000] {logging_mixin.py:149} INFO - Element at index 14, column StratificationID2: 
[2023-07-09T08:51:31.185+0000] {logging_mixin.py:149} INFO - Element at index 14, column StratificationCategoryID3: 
[2023-07-09T08:51:31.185+0000] {logging_mixin.py:149} INFO - Element at index 14, column StratificationID3: 
[2023-07-09T08:51:31.186+0000] {logging_mixin.py:149} INFO - Element at index 15, column YearStart: 2012
[2023-07-09T08:51:31.187+0000] {logging_mixin.py:149} INFO - Element at index 15, column YearEnd: 2012
[2023-07-09T08:51:31.188+0000] {logging_mixin.py:149} INFO - Element at index 15, column LocationAbbr: KS
[2023-07-09T08:51:31.189+0000] {logging_mixin.py:149} INFO - Element at index 15, column LocationDesc: Kansas
[2023-07-09T08:51:31.189+0000] {logging_mixin.py:149} INFO - Element at index 15, column DataSource: NVSS
[2023-07-09T08:51:31.190+0000] {logging_mixin.py:149} INFO - Element at index 15, column Topic: Asthma
[2023-07-09T08:51:31.191+0000] {logging_mixin.py:149} INFO - Element at index 15, column Question: Asthma mortality rate
[2023-07-09T08:51:31.191+0000] {logging_mixin.py:149} INFO - Element at index 15, column Response: 
[2023-07-09T08:51:31.192+0000] {logging_mixin.py:149} INFO - Element at index 15, column DataValueUnit: 
[2023-07-09T08:51:31.193+0000] {logging_mixin.py:149} INFO - Element at index 15, column DataValueType: Number
[2023-07-09T08:51:31.194+0000] {logging_mixin.py:149} INFO - Element at index 15, column DataValue: 24.0
[2023-07-09T08:51:31.194+0000] {logging_mixin.py:149} INFO - Element at index 15, column DataValueAlt: 24.0
[2023-07-09T08:51:31.195+0000] {logging_mixin.py:149} INFO - Element at index 15, column DataValueFootnoteSymbol: 
[2023-07-09T08:51:31.197+0000] {logging_mixin.py:149} INFO - Element at index 15, column DatavalueFootnote: 
[2023-07-09T08:51:31.198+0000] {logging_mixin.py:149} INFO - Element at index 15, column LowConfidenceLimit: 
[2023-07-09T08:51:31.200+0000] {logging_mixin.py:149} INFO - Element at index 15, column HighConfidenceLimit: 
[2023-07-09T08:51:31.201+0000] {logging_mixin.py:149} INFO - Element at index 15, column StratificationCategory1: Race/Ethnicity
[2023-07-09T08:51:31.202+0000] {logging_mixin.py:149} INFO - Element at index 15, column Stratification1: White, non-Hispanic
[2023-07-09T08:51:31.203+0000] {logging_mixin.py:149} INFO - Element at index 15, column StratificationCategory2: 
[2023-07-09T08:51:31.204+0000] {logging_mixin.py:149} INFO - Element at index 15, column Stratification2: 
[2023-07-09T08:51:31.205+0000] {logging_mixin.py:149} INFO - Element at index 15, column StratificationCategory3: 
[2023-07-09T08:51:31.206+0000] {logging_mixin.py:149} INFO - Element at index 15, column Stratification3: 
[2023-07-09T08:51:31.208+0000] {logging_mixin.py:149} INFO - Element at index 15, column GeoLocation: POINT (-98.20078122699965 38.34774030000045)
[2023-07-09T08:51:31.208+0000] {logging_mixin.py:149} INFO - Element at index 15, column ResponseID: 
[2023-07-09T08:51:31.209+0000] {logging_mixin.py:149} INFO - Element at index 15, column LocationID: 20
[2023-07-09T08:51:31.210+0000] {logging_mixin.py:149} INFO - Element at index 15, column TopicID: AST
[2023-07-09T08:51:31.211+0000] {logging_mixin.py:149} INFO - Element at index 15, column QuestionID: AST4_1
[2023-07-09T08:51:31.211+0000] {logging_mixin.py:149} INFO - Element at index 15, column DataValueTypeID: NMBR
[2023-07-09T08:51:31.212+0000] {logging_mixin.py:149} INFO - Element at index 15, column StratificationCategoryID1: RACE
[2023-07-09T08:51:31.213+0000] {logging_mixin.py:149} INFO - Element at index 15, column StratificationID1: WHT
[2023-07-09T08:51:31.215+0000] {logging_mixin.py:149} INFO - Element at index 15, column StratificationCategoryID2: 
[2023-07-09T08:51:31.216+0000] {logging_mixin.py:149} INFO - Element at index 15, column StratificationID2: 
[2023-07-09T08:51:31.217+0000] {logging_mixin.py:149} INFO - Element at index 15, column StratificationCategoryID3: 
[2023-07-09T08:51:31.218+0000] {logging_mixin.py:149} INFO - Element at index 15, column StratificationID3: 
[2023-07-09T08:51:31.219+0000] {logging_mixin.py:149} INFO - Element at index 16, column YearStart: 2015
[2023-07-09T08:51:31.221+0000] {logging_mixin.py:149} INFO - Element at index 16, column YearEnd: 2015
[2023-07-09T08:51:31.223+0000] {logging_mixin.py:149} INFO - Element at index 16, column LocationAbbr: KS
[2023-07-09T08:51:31.223+0000] {logging_mixin.py:149} INFO - Element at index 16, column LocationDesc: Kansas
[2023-07-09T08:51:31.224+0000] {logging_mixin.py:149} INFO - Element at index 16, column DataSource: NVSS
[2023-07-09T08:51:31.225+0000] {logging_mixin.py:149} INFO - Element at index 16, column Topic: Asthma
[2023-07-09T08:51:31.226+0000] {logging_mixin.py:149} INFO - Element at index 16, column Question: Asthma mortality rate
[2023-07-09T08:51:31.226+0000] {logging_mixin.py:149} INFO - Element at index 16, column Response: 
[2023-07-09T08:51:31.227+0000] {logging_mixin.py:149} INFO - Element at index 16, column DataValueUnit: 
[2023-07-09T08:51:31.229+0000] {logging_mixin.py:149} INFO - Element at index 16, column DataValueType: Number
[2023-07-09T08:51:31.230+0000] {logging_mixin.py:149} INFO - Element at index 16, column DataValue: 29.0
[2023-07-09T08:51:31.231+0000] {logging_mixin.py:149} INFO - Element at index 16, column DataValueAlt: 29.0
[2023-07-09T08:51:31.231+0000] {logging_mixin.py:149} INFO - Element at index 16, column DataValueFootnoteSymbol: 
[2023-07-09T08:51:31.232+0000] {logging_mixin.py:149} INFO - Element at index 16, column DatavalueFootnote: 
[2023-07-09T08:51:31.233+0000] {logging_mixin.py:149} INFO - Element at index 16, column LowConfidenceLimit: 
[2023-07-09T08:51:31.234+0000] {logging_mixin.py:149} INFO - Element at index 16, column HighConfidenceLimit: 
[2023-07-09T08:51:31.235+0000] {logging_mixin.py:149} INFO - Element at index 16, column StratificationCategory1: Overall
[2023-07-09T08:51:31.236+0000] {logging_mixin.py:149} INFO - Element at index 16, column Stratification1: Overall
[2023-07-09T08:51:31.237+0000] {logging_mixin.py:149} INFO - Element at index 16, column StratificationCategory2: 
[2023-07-09T08:51:31.238+0000] {logging_mixin.py:149} INFO - Element at index 16, column Stratification2: 
[2023-07-09T08:51:31.239+0000] {logging_mixin.py:149} INFO - Element at index 16, column StratificationCategory3: 
[2023-07-09T08:51:31.240+0000] {logging_mixin.py:149} INFO - Element at index 16, column Stratification3: 
[2023-07-09T08:51:31.241+0000] {logging_mixin.py:149} INFO - Element at index 16, column GeoLocation: POINT (-98.20078122699965 38.34774030000045)
[2023-07-09T08:51:31.243+0000] {logging_mixin.py:149} INFO - Element at index 16, column ResponseID: 
[2023-07-09T08:51:31.245+0000] {logging_mixin.py:149} INFO - Element at index 16, column LocationID: 20
[2023-07-09T08:51:31.245+0000] {logging_mixin.py:149} INFO - Element at index 16, column TopicID: AST
[2023-07-09T08:51:31.246+0000] {logging_mixin.py:149} INFO - Element at index 16, column QuestionID: AST4_1
[2023-07-09T08:51:31.247+0000] {logging_mixin.py:149} INFO - Element at index 16, column DataValueTypeID: NMBR
[2023-07-09T08:51:31.247+0000] {logging_mixin.py:149} INFO - Element at index 16, column StratificationCategoryID1: OVERALL
[2023-07-09T08:51:31.248+0000] {logging_mixin.py:149} INFO - Element at index 16, column StratificationID1: OVR
[2023-07-09T08:51:31.250+0000] {logging_mixin.py:149} INFO - Element at index 16, column StratificationCategoryID2: 
[2023-07-09T08:51:31.251+0000] {logging_mixin.py:149} INFO - Element at index 16, column StratificationID2: 
[2023-07-09T08:51:31.251+0000] {logging_mixin.py:149} INFO - Element at index 16, column StratificationCategoryID3: 
[2023-07-09T08:51:31.252+0000] {logging_mixin.py:149} INFO - Element at index 16, column StratificationID3: 
[2023-07-09T08:51:31.253+0000] {logging_mixin.py:149} INFO - Element at index 17, column YearStart: 2018
[2023-07-09T08:51:31.254+0000] {logging_mixin.py:149} INFO - Element at index 17, column YearEnd: 2018
[2023-07-09T08:51:31.255+0000] {logging_mixin.py:149} INFO - Element at index 17, column LocationAbbr: KS
[2023-07-09T08:51:31.256+0000] {logging_mixin.py:149} INFO - Element at index 17, column LocationDesc: Kansas
[2023-07-09T08:51:31.257+0000] {logging_mixin.py:149} INFO - Element at index 17, column DataSource: NVSS
[2023-07-09T08:51:31.258+0000] {logging_mixin.py:149} INFO - Element at index 17, column Topic: Asthma
[2023-07-09T08:51:31.259+0000] {logging_mixin.py:149} INFO - Element at index 17, column Question: Asthma mortality rate
[2023-07-09T08:51:31.260+0000] {logging_mixin.py:149} INFO - Element at index 17, column Response: 
[2023-07-09T08:51:31.260+0000] {logging_mixin.py:149} INFO - Element at index 17, column DataValueUnit: Number
[2023-07-09T08:51:31.261+0000] {logging_mixin.py:149} INFO - Element at index 17, column DataValueType: Number
[2023-07-09T08:51:31.262+0000] {logging_mixin.py:149} INFO - Element at index 17, column DataValue: 29.0
[2023-07-09T08:51:31.262+0000] {logging_mixin.py:149} INFO - Element at index 17, column DataValueAlt: 29.0
[2023-07-09T08:51:31.265+0000] {logging_mixin.py:149} INFO - Element at index 17, column DataValueFootnoteSymbol: 
[2023-07-09T08:51:31.265+0000] {logging_mixin.py:149} INFO - Element at index 17, column DatavalueFootnote: 
[2023-07-09T08:51:31.266+0000] {logging_mixin.py:149} INFO - Element at index 17, column LowConfidenceLimit: 
[2023-07-09T08:51:31.267+0000] {logging_mixin.py:149} INFO - Element at index 17, column HighConfidenceLimit: 
[2023-07-09T08:51:31.268+0000] {logging_mixin.py:149} INFO - Element at index 17, column StratificationCategory1: Overall
[2023-07-09T08:51:31.270+0000] {logging_mixin.py:149} INFO - Element at index 17, column Stratification1: Overall
[2023-07-09T08:51:31.272+0000] {logging_mixin.py:149} INFO - Element at index 17, column StratificationCategory2: 
[2023-07-09T08:51:31.273+0000] {logging_mixin.py:149} INFO - Element at index 17, column Stratification2: 
[2023-07-09T08:51:31.274+0000] {logging_mixin.py:149} INFO - Element at index 17, column StratificationCategory3: 
[2023-07-09T08:51:31.275+0000] {logging_mixin.py:149} INFO - Element at index 17, column Stratification3: 
[2023-07-09T08:51:31.275+0000] {logging_mixin.py:149} INFO - Element at index 17, column GeoLocation: POINT (-98.20078122699965 38.34774030000045)
[2023-07-09T08:51:31.278+0000] {logging_mixin.py:149} INFO - Element at index 17, column ResponseID: 
[2023-07-09T08:51:31.279+0000] {logging_mixin.py:149} INFO - Element at index 17, column LocationID: 20
[2023-07-09T08:51:31.280+0000] {logging_mixin.py:149} INFO - Element at index 17, column TopicID: AST
[2023-07-09T08:51:31.281+0000] {logging_mixin.py:149} INFO - Element at index 17, column QuestionID: AST4_1
[2023-07-09T08:51:31.282+0000] {logging_mixin.py:149} INFO - Element at index 17, column DataValueTypeID: NMBR
[2023-07-09T08:51:31.283+0000] {logging_mixin.py:149} INFO - Element at index 17, column StratificationCategoryID1: OVERALL
[2023-07-09T08:51:31.285+0000] {logging_mixin.py:149} INFO - Element at index 17, column StratificationID1: OVR
[2023-07-09T08:51:31.286+0000] {logging_mixin.py:149} INFO - Element at index 17, column StratificationCategoryID2: 
[2023-07-09T08:51:31.287+0000] {logging_mixin.py:149} INFO - Element at index 17, column StratificationID2: 
[2023-07-09T08:51:31.288+0000] {logging_mixin.py:149} INFO - Element at index 17, column StratificationCategoryID3: 
[2023-07-09T08:51:31.289+0000] {logging_mixin.py:149} INFO - Element at index 17, column StratificationID3: 
[2023-07-09T08:51:31.290+0000] {logging_mixin.py:149} INFO - Element at index 18, column YearStart: 2017
[2023-07-09T08:51:31.291+0000] {logging_mixin.py:149} INFO - Element at index 18, column YearEnd: 2017
[2023-07-09T08:51:31.292+0000] {logging_mixin.py:149} INFO - Element at index 18, column LocationAbbr: LA
[2023-07-09T08:51:31.293+0000] {logging_mixin.py:149} INFO - Element at index 18, column LocationDesc: Louisiana
[2023-07-09T08:51:31.294+0000] {logging_mixin.py:149} INFO - Element at index 18, column DataSource: NVSS
[2023-07-09T08:51:31.294+0000] {logging_mixin.py:149} INFO - Element at index 18, column Topic: Asthma
[2023-07-09T08:51:31.295+0000] {logging_mixin.py:149} INFO - Element at index 18, column Question: Asthma mortality rate
[2023-07-09T08:51:31.296+0000] {logging_mixin.py:149} INFO - Element at index 18, column Response: 
[2023-07-09T08:51:31.297+0000] {logging_mixin.py:149} INFO - Element at index 18, column DataValueUnit: 
[2023-07-09T08:51:31.298+0000] {logging_mixin.py:149} INFO - Element at index 18, column DataValueType: Number
[2023-07-09T08:51:31.299+0000] {logging_mixin.py:149} INFO - Element at index 18, column DataValue: 21.0
[2023-07-09T08:51:31.301+0000] {logging_mixin.py:149} INFO - Element at index 18, column DataValueAlt: 21.0
[2023-07-09T08:51:31.302+0000] {logging_mixin.py:149} INFO - Element at index 18, column DataValueFootnoteSymbol: 
[2023-07-09T08:51:31.303+0000] {logging_mixin.py:149} INFO - Element at index 18, column DatavalueFootnote: 
[2023-07-09T08:51:31.304+0000] {logging_mixin.py:149} INFO - Element at index 18, column LowConfidenceLimit: 
[2023-07-09T08:51:31.306+0000] {logging_mixin.py:149} INFO - Element at index 18, column HighConfidenceLimit: 
[2023-07-09T08:51:31.308+0000] {logging_mixin.py:149} INFO - Element at index 18, column StratificationCategory1: Gender
[2023-07-09T08:51:31.309+0000] {logging_mixin.py:149} INFO - Element at index 18, column Stratification1: M***
[2023-07-09T08:51:31.309+0000] {logging_mixin.py:149} INFO - Element at index 18, column StratificationCategory2: 
[2023-07-09T08:51:31.310+0000] {logging_mixin.py:149} INFO - Element at index 18, column Stratification2: 
[2023-07-09T08:51:31.312+0000] {logging_mixin.py:149} INFO - Element at index 18, column StratificationCategory3: 
[2023-07-09T08:51:31.313+0000] {logging_mixin.py:149} INFO - Element at index 18, column Stratification3: 
[2023-07-09T08:51:31.314+0000] {logging_mixin.py:149} INFO - Element at index 18, column GeoLocation: POINT (-92.44568007099969 31.31266064400046)
[2023-07-09T08:51:31.315+0000] {logging_mixin.py:149} INFO - Element at index 18, column ResponseID: 
[2023-07-09T08:51:31.316+0000] {logging_mixin.py:149} INFO - Element at index 18, column LocationID: 22
[2023-07-09T08:51:31.317+0000] {logging_mixin.py:149} INFO - Element at index 18, column TopicID: AST
[2023-07-09T08:51:31.320+0000] {logging_mixin.py:149} INFO - Element at index 18, column QuestionID: AST4_1
[2023-07-09T08:51:31.321+0000] {logging_mixin.py:149} INFO - Element at index 18, column DataValueTypeID: NMBR
[2023-07-09T08:51:31.322+0000] {logging_mixin.py:149} INFO - Element at index 18, column StratificationCategoryID1: GENDER
[2023-07-09T08:51:31.323+0000] {logging_mixin.py:149} INFO - Element at index 18, column StratificationID1: GENM
[2023-07-09T08:51:31.324+0000] {logging_mixin.py:149} INFO - Element at index 18, column StratificationCategoryID2: 
[2023-07-09T08:51:31.325+0000] {logging_mixin.py:149} INFO - Element at index 18, column StratificationID2: 
[2023-07-09T08:51:31.327+0000] {logging_mixin.py:149} INFO - Element at index 18, column StratificationCategoryID3: 
[2023-07-09T08:51:31.328+0000] {logging_mixin.py:149} INFO - Element at index 18, column StratificationID3: 
[2023-07-09T08:51:31.328+0000] {python.py:183} INFO - Done. Returned value was:     YearStart  YearEnd  ... StratificationCategoryID3 StratificationID3
0        2014     2014  ...                                            
1        2018     2018  ...                                            
2        2018     2018  ...                                            
3        2017     2017  ...                                            
4        2010     2010  ...                                            
5        2015     2015  ...                                            
6        2013     2013  ...                                            
7        2013     2013  ...                                            
8        2017     2017  ...                                            
9        2010     2010  ...                                            
10       2016     2016  ...                                            
11       2014     2014  ...                                            
12       2015     2015  ...                                            
13       2016     2016  ...                                            
14       2020     2020  ...                                            
15       2012     2012  ...                                            
16       2015     2015  ...                                            
17       2018     2018  ...                                            
18       2017     2017  ...                                            

[19 rows x 34 columns]
[2023-07-09T08:51:31.554+0000] {taskinstance.py:1350} INFO - Marking task as SUCCESS. dag_id=etl_dag, task_id=extract_data, execution_date=20230709T085125, start_date=20230709T085129, end_date=20230709T085131
[2023-07-09T08:51:31.609+0000] {local_task_job_runner.py:225} INFO - Task exited with return code 0
[2023-07-09T08:51:31.674+0000] {taskinstance.py:2653} INFO - 1 downstream tasks scheduled from follow-on schedule check
