[2023-07-09T08:06:08.159+0000] {taskinstance.py:1103} INFO - Dependencies all met for dep_context=non-requeueable deps ti=<TaskInstance: etl_dag.apply_pca manual__2023-07-09T08:06:00.136533+00:00 [queued]>
[2023-07-09T08:06:08.170+0000] {taskinstance.py:1103} INFO - Dependencies all met for dep_context=requeueable deps ti=<TaskInstance: etl_dag.apply_pca manual__2023-07-09T08:06:00.136533+00:00 [queued]>
[2023-07-09T08:06:08.171+0000] {taskinstance.py:1308} INFO - Starting attempt 1 of 1
[2023-07-09T08:06:08.189+0000] {taskinstance.py:1327} INFO - Executing <Task(PythonOperator): apply_pca> on 2023-07-09 08:06:00.136533+00:00
[2023-07-09T08:06:08.195+0000] {standard_task_runner.py:57} INFO - Started process 1947 to run task
[2023-07-09T08:06:08.198+0000] {standard_task_runner.py:84} INFO - Running: ['***', 'tasks', 'run', 'etl_dag', 'apply_pca', 'manual__2023-07-09T08:06:00.136533+00:00', '--job-id', '73', '--raw', '--subdir', 'DAGS_FOLDER/test.py', '--cfg-path', '/tmp/tmp70wog688']
[2023-07-09T08:06:08.198+0000] {standard_task_runner.py:85} INFO - Job 73: Subtask apply_pca
[2023-07-09T08:06:08.243+0000] {task_command.py:410} INFO - Running <TaskInstance: etl_dag.apply_pca manual__2023-07-09T08:06:00.136533+00:00 [running]> on host 5865fe7b5e5b
[2023-07-09T08:06:08.526+0000] {taskinstance.py:1547} INFO - Exporting env vars: AIRFLOW_CTX_DAG_OWNER='***' AIRFLOW_CTX_DAG_ID='etl_dag' AIRFLOW_CTX_TASK_ID='apply_pca' AIRFLOW_CTX_EXECUTION_DATE='2023-07-09T08:06:00.136533+00:00' AIRFLOW_CTX_TRY_NUMBER='1' AIRFLOW_CTX_DAG_RUN_ID='manual__2023-07-09T08:06:00.136533+00:00'
[2023-07-09T08:06:08.537+0000] {python.py:183} INFO - Done. Returned value was:    LocationAbbr          LocationDesc  ...       PCA1      PCA2
0            AR              Arkansas  ...  -4.389426  3.972038
1            CO              Colorado  ...   9.959967  2.257191
2            DC  District of Columbia  ... -18.714712 -2.681136
3            GA               Georgia  ... -13.233959  4.405012
4            MI              Michigan  ... -10.181512 -7.067340
6            OR                Oregon  ...  24.742247 -1.035850
9            WI             Wisconsin  ...  -5.196608 -5.948041
10           WI             Wisconsin  ...  -5.196608 -5.948041
11           AL               Alabama  ... -10.272012  4.907575
12           ID                 Idaho  ...  18.884565 -1.134017
13           ID                 Idaho  ...  18.884565 -1.134017
14           IL              Illinois  ...  -6.658604 -2.232311
15           KS                Kansas  ...   2.056179  1.416936
16           KS                Kansas  ...   2.056179  1.416936
17           KS                Kansas  ...   2.056179  1.416936
18           LA             Louisiana  ...  -4.796442  7.388128

[16 rows x 36 columns]
[2023-07-09T08:06:08.662+0000] {taskinstance.py:1350} INFO - Marking task as SUCCESS. dag_id=etl_dag, task_id=apply_pca, execution_date=20230709T080600, start_date=20230709T080608, end_date=20230709T080608
[2023-07-09T08:06:08.692+0000] {local_task_job_runner.py:225} INFO - Task exited with return code 0
[2023-07-09T08:06:08.723+0000] {taskinstance.py:2653} INFO - 1 downstream tasks scheduled from follow-on schedule check
