[2023-07-09T06:47:44.183+0000] {taskinstance.py:1103} INFO - Dependencies all met for dep_context=non-requeueable deps ti=<TaskInstance: etl_dag.transform_data manual__2023-07-09T06:47:39.297456+00:00 [queued]>
[2023-07-09T06:47:44.194+0000] {taskinstance.py:1103} INFO - Dependencies all met for dep_context=requeueable deps ti=<TaskInstance: etl_dag.transform_data manual__2023-07-09T06:47:39.297456+00:00 [queued]>
[2023-07-09T06:47:44.195+0000] {taskinstance.py:1308} INFO - Starting attempt 1 of 1
[2023-07-09T06:47:44.213+0000] {taskinstance.py:1327} INFO - Executing <Task(PythonOperator): transform_data> on 2023-07-09 06:47:39.297456+00:00
[2023-07-09T06:47:44.232+0000] {standard_task_runner.py:57} INFO - Started process 358 to run task
[2023-07-09T06:47:44.237+0000] {standard_task_runner.py:84} INFO - Running: ['***', 'tasks', 'run', 'etl_dag', 'transform_data', 'manual__2023-07-09T06:47:39.297456+00:00', '--job-id', '39', '--raw', '--subdir', 'DAGS_FOLDER/test.py', '--cfg-path', '/tmp/tmpd8ya6cbf']
[2023-07-09T06:47:44.238+0000] {standard_task_runner.py:85} INFO - Job 39: Subtask transform_data
[2023-07-09T06:47:44.300+0000] {task_command.py:410} INFO - Running <TaskInstance: etl_dag.transform_data manual__2023-07-09T06:47:39.297456+00:00 [running]> on host 5865fe7b5e5b
[2023-07-09T06:47:44.480+0000] {taskinstance.py:1547} INFO - Exporting env vars: AIRFLOW_CTX_DAG_OWNER='***' AIRFLOW_CTX_DAG_ID='etl_dag' AIRFLOW_CTX_TASK_ID='transform_data' AIRFLOW_CTX_EXECUTION_DATE='2023-07-09T06:47:39.297456+00:00' AIRFLOW_CTX_TRY_NUMBER='1' AIRFLOW_CTX_DAG_RUN_ID='manual__2023-07-09T06:47:39.297456+00:00'
[2023-07-09T06:47:44.483+0000] {python.py:183} INFO - Done. Returned value was:    LocationAbbr  ... StratificationID3
0            AR  ...                  
1            CO  ...                  
2            DC  ...                  
3            GA  ...                  
4            MI  ...                  
5            MT  ...                  
6            OR  ...                  
7            PR  ...                  
8            PR  ...                  
9            WI  ...                  
10           WI  ...                  
11           AL  ...                  
12           ID  ...                  
13           ID  ...                  
14           IL  ...                  
15           KS  ...                  
16           KS  ...                  
17           KS  ...                  
18           LA  ...                  

[19 rows x 31 columns]
[2023-07-09T06:47:44.555+0000] {taskinstance.py:1350} INFO - Marking task as SUCCESS. dag_id=etl_dag, task_id=transform_data, execution_date=20230709T064739, start_date=20230709T064744, end_date=20230709T064744
[2023-07-09T06:47:44.609+0000] {local_task_job_runner.py:225} INFO - Task exited with return code 0
[2023-07-09T06:47:44.634+0000] {taskinstance.py:2653} INFO - 1 downstream tasks scheduled from follow-on schedule check
